[2020-05-14 10:49:10.221] [exthost] [info] extension host started
[2020-05-14 10:49:10.431] [exthost] [info] ExtensionService#_doActivateExtension vscode.debug-auto-launch {"startup":true,"extensionId":{"value":"vscode.debug-auto-launch","_lower":"vscode.debug-auto-launch"},"activationEvent":"*"}
[2020-05-14 10:49:10.432] [exthost] [info] ExtensionService#loadCommonJSModule file:///home/nkaviratna/.vscode-server-insiders/bin/fd5d9a30259bb2bebab3e62dfd8315c2e1b27744/extensions/debug-auto-launch/dist/extension
[2020-05-14 10:49:10.438] [exthost] [info] ExtensionService#_doActivateExtension vscode.emmet {"startup":true,"extensionId":{"value":"vscode.emmet","_lower":"vscode.emmet"},"activationEvent":"*"}
[2020-05-14 10:49:10.438] [exthost] [info] ExtensionService#loadCommonJSModule file:///home/nkaviratna/.vscode-server-insiders/bin/fd5d9a30259bb2bebab3e62dfd8315c2e1b27744/extensions/emmet/dist/extension
[2020-05-14 10:49:10.459] [exthost] [info] ExtensionService#_doActivateExtension vscode.git {"startup":true,"extensionId":{"value":"vscode.git","_lower":"vscode.git"},"activationEvent":"*"}
[2020-05-14 10:49:10.459] [exthost] [info] ExtensionService#loadCommonJSModule file:///home/nkaviratna/.vscode-server-insiders/bin/fd5d9a30259bb2bebab3e62dfd8315c2e1b27744/extensions/git/dist/main
[2020-05-14 10:49:10.504] [exthost] [info] ExtensionService#_doActivateExtension vscode.github-authentication {"startup":true,"extensionId":{"value":"vscode.github-authentication","_lower":"vscode.github-authentication"},"activationEvent":"*"}
[2020-05-14 10:49:10.504] [exthost] [info] ExtensionService#loadCommonJSModule file:///home/nkaviratna/.vscode-server-insiders/bin/fd5d9a30259bb2bebab3e62dfd8315c2e1b27744/extensions/github-authentication/dist/extension.js
[2020-05-14 10:49:10.514] [exthost] [info] ExtensionService#_doActivateExtension vscode.merge-conflict {"startup":true,"extensionId":{"value":"vscode.merge-conflict","_lower":"vscode.merge-conflict"},"activationEvent":"*"}
[2020-05-14 10:49:10.515] [exthost] [info] ExtensionService#loadCommonJSModule file:///home/nkaviratna/.vscode-server-insiders/bin/fd5d9a30259bb2bebab3e62dfd8315c2e1b27744/extensions/merge-conflict/dist/extension
[2020-05-14 10:49:10.517] [exthost] [info] ExtensionService#_doActivateExtension vscode.search-result {"startup":true,"extensionId":{"value":"vscode.search-result","_lower":"vscode.search-result"},"activationEvent":"*"}
[2020-05-14 10:49:10.518] [exthost] [info] ExtensionService#loadCommonJSModule file:///home/nkaviratna/.vscode-server-insiders/bin/fd5d9a30259bb2bebab3e62dfd8315c2e1b27744/extensions/search-result/dist/extension.js
[2020-05-14 10:49:10.518] [exthost] [info] ExtensionService#_doActivateExtension vscode.vscode-account {"startup":true,"extensionId":{"value":"vscode.vscode-account","_lower":"vscode.vscode-account"},"activationEvent":"*"}
[2020-05-14 10:49:10.519] [exthost] [info] ExtensionService#loadCommonJSModule file:///home/nkaviratna/.vscode-server-insiders/bin/fd5d9a30259bb2bebab3e62dfd8315c2e1b27744/extensions/vscode-account/dist/extension.js
[2020-05-14 10:49:10.528] [exthost] [info] ExtensionService#_doActivateExtension dbaeumer.vscode-eslint {"startup":true,"extensionId":{"value":"dbaeumer.vscode-eslint","_lower":"dbaeumer.vscode-eslint"},"activationEvent":"*"}
[2020-05-14 10:49:10.528] [exthost] [info] ExtensionService#loadCommonJSModule file:///home/nkaviratna/.vscode-server-insiders/extensions/dbaeumer.vscode-eslint-2.1.5/client/out/extension
[2020-05-14 10:49:10.543] [exthost] [info] ExtensionService#_doActivateExtension eamodio.gitlens {"startup":true,"extensionId":{"value":"eamodio.gitlens","_lower":"eamodio.gitlens"},"activationEvent":"*"}
[2020-05-14 10:49:10.543] [exthost] [info] ExtensionService#loadCommonJSModule file:///home/nkaviratna/.vscode-server-insiders/extensions/eamodio.gitlens-10.2.1/dist/extension
[2020-05-14 10:49:10.617] [exthost] [info] ExtensionService#_doActivateExtension ms-vsliveshare.vsliveshare {"startup":true,"extensionId":{"value":"ms-vsliveshare.vsliveshare","_lower":"ms-vsliveshare.vsliveshare"},"activationEvent":"*"}
[2020-05-14 10:49:10.617] [exthost] [info] ExtensionService#loadCommonJSModule file:///home/nkaviratna/.vscode-server-insiders/extensions/ms-vsliveshare.vsliveshare-1.0.2106/out/prod/extension-prod
[2020-05-14 10:49:10.824] [exthost] [info] eager extensions activated
[2020-05-14 10:49:11.233] [exthost] [warning] [Deprecation Warning] 'window.registerTaskProvider' is deprecated. Use the corresponding function on the 'tasks' namespace instead
[2020-05-14 10:49:13.163] [exthost] [info] Extension 'ms-vsliveshare.vsliveshare' uses a document selector without scheme. Learn more about this: https://go.microsoft.com/fwlink/?linkid=872305
[2020-05-14 10:54:26.027] [exthost] [info] ExtensionService#_doActivateExtension DevonDCarew.bazel-code {"startup":false,"extensionId":{"value":"DevonDCarew.bazel-code","_lower":"devondcarew.bazel-code"},"activationEvent":"onLanguage:bazel"}
[2020-05-14 10:54:26.028] [exthost] [info] ExtensionService#loadCommonJSModule file:///home/nkaviratna/.vscode-server-insiders/extensions/devondcarew.bazel-code-0.1.9/out/src/extension
[2020-05-14 10:54:26.129] [exthost] [info] Extension 'DevonDCarew.bazel-code' uses a document selector without scheme. Learn more about this: https://go.microsoft.com/fwlink/?linkid=872305
[2020-05-14 11:23:38.696] [exthost] [info] ExtensionService#_doActivateExtension zxh404.vscode-proto3 {"startup":false,"extensionId":{"value":"zxh404.vscode-proto3","_lower":"zxh404.vscode-proto3"},"activationEvent":"onLanguage:proto3"}
[2020-05-14 11:23:38.696] [exthost] [info] ExtensionService#loadCommonJSModule file:///home/nkaviratna/.vscode-server-insiders/extensions/zxh404.vscode-proto3-0.4.2/out/src/proto3Main
[2020-05-14 11:23:38.932] [exthost] [warning] [Deprecation Warning] 'LanguageConfiguration.__electricCharacterSupport' is deprecated. Do not use.
[2020-05-14 11:23:38.932] [exthost] [warning] [Deprecation Warning] 'LanguageConfiguration.__characterPairSupport' is deprecated. Do not use.
[2020-05-14 11:23:38.932] [exthost] [info] Extension 'zxh404.vscode-proto3' uses a document selector without scheme. Learn more about this: https://go.microsoft.com/fwlink/?linkid=872305
[2020-05-14 11:25:14.713] [exthost] [warning] [Deprecation Warning] 'workspace.rootPath' is deprecated. Please use 'workspace.workspaceFolders' instead. More details: https://aka.ms/vscode-eliminating-rootpath
