Looking for git in: git
Using git 2.17.1 from git
> git rev-parse --show-toplevel
> git rev-parse --git-dir
Open repository: /home/nkaviratna/na
> git status -z -u
> git symbolic-ref --short HEAD
> git rev-parse NealKaviratna/skunk_camera
> git rev-parse --symbolic-full-name NealKaviratna/skunk_camera@{u}
> git for-each-ref --format %(refname) %(objectname) --sort -committerdate
> git remote --verbose
> git check-ignore -v -z --stdin
> git show :atg/perception_prediction/interfaces/xenon_camera_types.hh
> git ls-files --stage -- /home/nkaviratna/na/atg/perception_prediction/interfaces/xenon_camera_types.hh
> git config --get commit.template
> git cat-file -s ca3fd91eaf5153dea7765f291459e005aa40136b
> git config --global user.email
> git config --global user.name
> git status -z -u
> git symbolic-ref --short HEAD
> git rev-parse NealKaviratna/skunk_camera
> git rev-parse --symbolic-full-name NealKaviratna/skunk_camera@{u}
> git for-each-ref --format %(refname) %(objectname) --sort -committerdate
> git remote --verbose
> git config --get commit.template
> git show -s --format=%an <%ae> [%ai] 5a907377d39d90cb5d79e28b25bccd11cc440ffc
> git show -s --format=%H%n%aN%n%aE%n%at%n%ct%n%P%n%B -z 5a907377d39d90cb5d79e28b25bccd11cc440ffc
> git show -s --format=%an <%ae> [%ai] 1d1f13c4fa36f8c3647c0f43c5ff8177bf024cfe
> git show -s --format=%H%n%aN%n%aE%n%at%n%ct%n%P%n%B -z 1d1f13c4fa36f8c3647c0f43c5ff8177bf024cfe
> git show -s --format=%an <%ae> [%ai] 84b790fc7fc5c0d070b54bad34db0a1582dee82b
> git show -s --format=%H%n%aN%n%aE%n%at%n%ct%n%P%n%B -z 84b790fc7fc5c0d070b54bad34db0a1582dee82b
> git show -s --format=%an <%ae> [%ai] aef1a6d845915f89552be744a5a081690656c3cb
> git show -s --format=%an <%ae> [%ai] 79c9fe672cbb8818b84a8e4d60a9c924ab7c652c
> git show -s --format=%H%n%aN%n%aE%n%at%n%ct%n%P%n%B -z 79c9fe672cbb8818b84a8e4d60a9c924ab7c652c
> git show -s --format=%an <%ae> [%ai] e35e3fb3682f25dd16cc769eb5948f32b870bfbd
> git show -s --format=%H%n%aN%n%aE%n%at%n%ct%n%P%n%B -z e35e3fb3682f25dd16cc769eb5948f32b870bfbd
> git show -s --format=%an <%ae> [%ai] 437d0319895ac1c95762013f24c0f3208508db29
> git show -s --format=%H%n%aN%n%aE%n%at%n%ct%n%P%n%B -z aef1a6d845915f89552be744a5a081690656c3cb
> git show -s --format=%H%n%aN%n%aE%n%at%n%ct%n%P%n%B -z 437d0319895ac1c95762013f24c0f3208508db29
> git show -s --format=%an <%ae> [%ai] 337702d2360e5c2f7231ef1569c43d59db7d8b95
> git show -s --format=%H%n%aN%n%aE%n%at%n%ct%n%P%n%B -z 337702d2360e5c2f7231ef1569c43d59db7d8b95
> git show -s --format=%an <%ae> [%ai] 2bb120b785b93644ba2320a6e5b6c75745b28800
> git show -s --format=%H%n%aN%n%aE%n%at%n%ct%n%P%n%B -z 2bb120b785b93644ba2320a6e5b6c75745b28800
> git show -s --format=%an <%ae> [%ai] 307974330aeceee23e983df0caab5b9fe6d8bba6
> git show -s --format=%an <%ae> [%ai] 250410e1414b045bf324cc118f2a94e05542c695
> git show -s --format=%an <%ae> [%ai] f8b0ab78671ed94a4060fa6f35686657893ffa3d
> git show -s --format=%H%n%aN%n%aE%n%at%n%ct%n%P%n%B -z 250410e1414b045bf324cc118f2a94e05542c695
> git show -s --format=%H%n%aN%n%aE%n%at%n%ct%n%P%n%B -z 307974330aeceee23e983df0caab5b9fe6d8bba6
> git show -s --format=%an <%ae> [%ai] 07d5753c09164bae14c583b66d353ed3b177cf80
> git show -s --format=%H%n%aN%n%aE%n%at%n%ct%n%P%n%B -z f8b0ab78671ed94a4060fa6f35686657893ffa3d
> git show -s --format=%H%n%aN%n%aE%n%at%n%ct%n%P%n%B -z 07d5753c09164bae14c583b66d353ed3b177cf80
> git show -s --format=%an <%ae> [%ai] a221a84afedd4c6daab2aa8a673b197de1af1926
> git show -s --format=%an <%ae> [%ai] 4ce6e6205ca26184ac32392d6d017b424c2a94eb
> git show -s --format=%an <%ae> [%ai] 0f5bfd7332ac05e7e666f33c0a83781679b9169e
> git show -s --format=%H%n%aN%n%aE%n%at%n%ct%n%P%n%B -z 4ce6e6205ca26184ac32392d6d017b424c2a94eb
> git show -s --format=%H%n%aN%n%aE%n%at%n%ct%n%P%n%B -z a221a84afedd4c6daab2aa8a673b197de1af1926
> git show -s --format=%an <%ae> [%ai] dc4242767212ca80da1b3b08deb000d73b0a68c4
> git show -s --format=%H%n%aN%n%aE%n%at%n%ct%n%P%n%B -z 0f5bfd7332ac05e7e666f33c0a83781679b9169e
> git show -s --format=%H%n%aN%n%aE%n%at%n%ct%n%P%n%B -z dc4242767212ca80da1b3b08deb000d73b0a68c4
> git show -s --format=%an <%ae> [%ai] 82b7d57257a28fcc20450e644b0c27460b2e0cf4
> git show -s --format=%an <%ae> [%ai] 0ca232b9462611c3328e3859ccd4479ea450f9a4
> git show -s --format=%an <%ae> [%ai] f529ca9eb557571022df190e990809d882267823
> git show -s --format=%H%n%aN%n%aE%n%at%n%ct%n%P%n%B -z 0ca232b9462611c3328e3859ccd4479ea450f9a4
> git show -s --format=%H%n%aN%n%aE%n%at%n%ct%n%P%n%B -z 82b7d57257a28fcc20450e644b0c27460b2e0cf4
> git show -s --format=%H%n%aN%n%aE%n%at%n%ct%n%P%n%B -z f529ca9eb557571022df190e990809d882267823
> git check-ignore -v -z --stdin
> git show :atg/fpga/emulation/axl_impl/subgraph.hh
> git ls-files --stage -- /home/nkaviratna/na/atg/fpga/emulation/axl_impl/subgraph.hh
> git cat-file -s c908a729236e974f3ac7037af65c01f6d3dc0525
> git check-ignore -v -z --stdin
> git show :atg/image/pipeline/image.hh
> git ls-files --stage -- /home/nkaviratna/na/atg/image/pipeline/image.hh
> git cat-file -s ad294eb6f42f661038a72eb54ac7f8aaeeaa1e7b
> git show :atg/fpga/emulation/axl_impl/subgraph.hh
> git ls-files --stage -- /home/nkaviratna/na/atg/fpga/emulation/axl_impl/subgraph.hh
> git cat-file -s c908a729236e974f3ac7037af65c01f6d3dc0525
> git show :atg/fpga/emulation/axl_impl/subgraph.hh
> git ls-files --stage -- /home/nkaviratna/na/atg/fpga/emulation/axl_impl/subgraph.hh
> git cat-file -s c908a729236e974f3ac7037af65c01f6d3dc0525
> git show :atg/perception_prediction/interfaces/xenon_camera_types.hh
> git ls-files --stage -- /home/nkaviratna/na/atg/perception_prediction/interfaces/xenon_camera_types.hh
> git cat-file -s ca3fd91eaf5153dea7765f291459e005aa40136b
> git show :atg/image/pipeline/image.hh
> git ls-files --stage -- /home/nkaviratna/na/atg/image/pipeline/image.hh
> git cat-file -s ad294eb6f42f661038a72eb54ac7f8aaeeaa1e7b
> git show :atg/fpga/emulation/axl_impl/subgraph.hh
> git ls-files --stage -- /home/nkaviratna/na/atg/fpga/emulation/axl_impl/subgraph.hh
> git cat-file -s c908a729236e974f3ac7037af65c01f6d3dc0525
> git check-ignore -v -z --stdin
> git check-ignore -v -z --stdin
> git check-ignore -v -z --stdin
> git show :atg/simulation/usim/bridge/axl_impl/translate_messages.cc
> git ls-files --stage -- /home/nkaviratna/na/atg/simulation/usim/bridge/axl_impl/translate_messages.cc
> git cat-file -s d337d2bf127c1b4fdd516cf62aa74794302773df
> git show :atg/perception_prediction/axl_impl/subgraph_rvnet.cc
> git ls-files --stage -- /home/nkaviratna/na/atg/perception_prediction/axl_impl/subgraph_rvnet.cc
> git cat-file -s f11926da2770a75258eb906cb2a9ed3555d869d5
> git show :atg/perception_prediction/interfaces/xenon_camera_types.hh
> git ls-files --stage -- /home/nkaviratna/na/atg/perception_prediction/interfaces/xenon_camera_types.hh
> git cat-file -s ca3fd91eaf5153dea7765f291459e005aa40136b
> git show :atg/image/pipeline/image.hh
> git ls-files --stage -- /home/nkaviratna/na/atg/image/pipeline/image.hh
> git cat-file -s ad294eb6f42f661038a72eb54ac7f8aaeeaa1e7b
> git show :atg/fpga/emulation/axl_impl/subgraph.hh
> git ls-files --stage -- /home/nkaviratna/na/atg/fpga/emulation/axl_impl/subgraph.hh
> git cat-file -s c908a729236e974f3ac7037af65c01f6d3dc0525
> git show :atg/perception_prediction/axl_impl/subgraph_rvnet.cc
> git ls-files --stage -- /home/nkaviratna/na/atg/perception_prediction/axl_impl/subgraph_rvnet.cc
> git cat-file -s f11926da2770a75258eb906cb2a9ed3555d869d5
> git check-ignore -v -z --stdin
> git check-ignore -v -z --stdin
> git check-ignore -v -z --stdin
> git show :atg/perception_prediction/axl_impl/subgraph_rvnet.cc
> git ls-files --stage -- /home/nkaviratna/na/atg/perception_prediction/axl_impl/subgraph_rvnet.cc
> git cat-file -s f11926da2770a75258eb906cb2a9ed3555d869d5
> git show :atg/fpga/emulation/axl_impl/subgraph.hh
> git ls-files --stage -- /home/nkaviratna/na/atg/fpga/emulation/axl_impl/subgraph.hh
> git cat-file -s c908a729236e974f3ac7037af65c01f6d3dc0525
> git show :atg/image/pipeline/image.hh
> git ls-files --stage -- /home/nkaviratna/na/atg/image/pipeline/image.hh
> git cat-file -s ad294eb6f42f661038a72eb54ac7f8aaeeaa1e7b
> git show :atg/perception_prediction/interfaces/xenon_camera_types.hh
> git ls-files --stage -- /home/nkaviratna/na/atg/perception_prediction/interfaces/xenon_camera_types.hh
> git cat-file -s ca3fd91eaf5153dea7765f291459e005aa40136b
> git show :atg/perception_prediction/axl_impl/subgraph_rvnet.cc
> git ls-files --stage -- /home/nkaviratna/na/atg/perception_prediction/axl_impl/subgraph_rvnet.cc
> git cat-file -s f11926da2770a75258eb906cb2a9ed3555d869d5
> git check-ignore -v -z --stdin
> git show :atg/perception_prediction/axl_impl/subgraph_staging.hh
> git ls-files --stage -- /home/nkaviratna/na/atg/perception_prediction/axl_impl/subgraph_staging.hh
> git cat-file -s 9329669fab70a0a3c36c3dd7ee88b01ae6be7356
> git show :atg/perception_prediction/axl_impl/subgraph_base.hh
> git ls-files --stage -- /home/nkaviratna/na/atg/perception_prediction/axl_impl/subgraph_base.hh
> git cat-file -s 0d9cb8d60503dd131187660d98871f3d6b8fe92f
> git show :atg/perception_prediction/axl_impl/subgraph_base.cc
> git ls-files --stage -- /home/nkaviratna/na/atg/perception_prediction/axl_impl/subgraph_base.cc
> git cat-file -s 5910b4f8471ee4c37542369e3eda3becfbbc6dca
> git show :atg/perception_prediction/axl_impl/subgraph_rvnet.cc
> git ls-files --stage -- /home/nkaviratna/na/atg/perception_prediction/axl_impl/subgraph_rvnet.cc
> git cat-file -s f11926da2770a75258eb906cb2a9ed3555d869d5
> git show :atg/perception_prediction/axl_impl/test/subgraph_pnp_test.cc
> git ls-files --stage -- /home/nkaviratna/na/atg/perception_prediction/axl_impl/test/subgraph_pnp_test.cc
> git cat-file -s 33a922291a1fe75efd4e8f67be0b1e8ae833d3bc
> git check-ignore -v -z --stdin
> git show :atg/perception_prediction/dasnet/axl_impl/subgraph_factory.hh
> git ls-files --stage -- /home/nkaviratna/na/atg/perception_prediction/dasnet/axl_impl/subgraph_factory.hh
> git cat-file -s 434186e538e65e67cf3df3b7a95d974b909aca40
> git check-ignore -v -z --stdin
> git check-ignore -v -z --stdin
> git show :atg/perception_prediction/dasnet/axl_impl/subgraph_factory.cc
> git ls-files --stage -- /home/nkaviratna/na/atg/perception_prediction/dasnet/axl_impl/subgraph_factory.cc
> git cat-file -s 61006bbaf9aae7cd675a709ce2cc47246005e11a
> git show :atg/perception_prediction/axl_impl/subgraph_dasnet_factory.cc
> git ls-files --stage -- /home/nkaviratna/na/atg/perception_prediction/axl_impl/subgraph_dasnet_factory.cc
> git cat-file -s 6985fd62034460ae6cf9f9360477a00547877b71
> git show :atg/perception_prediction/dasnet/axl_impl/subgraph.hh
> git ls-files --stage -- /home/nkaviratna/na/atg/perception_prediction/dasnet/axl_impl/subgraph.hh
> git cat-file -s af907f2cf6ddd915070d765b4f9c41d96a9bc756
> git show :atg/perception_prediction/axl_impl/subgraph_rvnet.cc
> git ls-files --stage -- /home/nkaviratna/na/atg/perception_prediction/axl_impl/subgraph_rvnet.cc
> git cat-file -s f11926da2770a75258eb906cb2a9ed3555d869d5
> git check-ignore -v -z --stdin
> git show :atg/simulation/usim/protobuf/perception_sim.proto
> git ls-files --stage -- /home/nkaviratna/na/atg/simulation/usim/protobuf/perception_sim.proto
> git cat-file -s 9d7cba032c9eeccf34fc97562230f165f0a6076d
> git show :atg/simulation/usim/protobuf/perception_sim.proto
> git ls-files --stage -- /home/nkaviratna/na/atg/simulation/usim/protobuf/perception_sim.proto
> git cat-file -s 9d7cba032c9eeccf34fc97562230f165f0a6076d
> git show :atg/simulation/usim/protobuf/perception_sim.proto
> git ls-files --stage -- /home/nkaviratna/na/atg/simulation/usim/protobuf/perception_sim.proto
> git cat-file -s 9d7cba032c9eeccf34fc97562230f165f0a6076d
> git show :atg/simulation/usim/protobuf/perception_sim.proto
> git ls-files --stage -- /home/nkaviratna/na/atg/simulation/usim/protobuf/perception_sim.proto
> git cat-file -s 9d7cba032c9eeccf34fc97562230f165f0a6076d
> git show :atg/perception_prediction/interfaces/xenon_camera_types.hh
> git ls-files --stage -- /home/nkaviratna/na/atg/perception_prediction/interfaces/xenon_camera_types.hh
> git cat-file -s ca3fd91eaf5153dea7765f291459e005aa40136b
> git show :atg/image/pipeline/image.hh
> git ls-files --stage -- /home/nkaviratna/na/atg/image/pipeline/image.hh
> git cat-file -s ad294eb6f42f661038a72eb54ac7f8aaeeaa1e7b
> git show :atg/image/camera_image.hh
> git ls-files --stage -- /home/nkaviratna/na/atg/image/camera_image.hh
> git cat-file -s c76b79d6e104ddb48113d197368065ff5dc44a41
> git check-ignore -v -z --stdin
> git show :atg/image/pipeline/image.hh
> git ls-files --stage -- /home/nkaviratna/na/atg/image/pipeline/image.hh
> git cat-file -s ad294eb6f42f661038a72eb54ac7f8aaeeaa1e7b
> git check-ignore -v -z --stdin
> git check-ignore -v -z --stdin
> git show :atg/image/image.hh
> git ls-files --stage -- /home/nkaviratna/na/atg/image/image.hh
> git cat-file -s cc22f91079424bccf914096fe34fc37fc82a76c5
> git check-ignore -v -z --stdin
> git check-ignore -v -z --stdin
> git log --format=%H%n%aN%n%aE%n%at%n%ct%n%P%n%B -z -n21 -- /home/nkaviratna/na/atg/image/utils.hh
> git show :atg/image/utils.hh
> git ls-files --stage -- /home/nkaviratna/na/atg/image/utils.hh
> git cat-file -s 076baa05c73c4767d8097bda0707f4696ab53d44
> git show :atg/image/view.hh
> git ls-files --stage -- /home/nkaviratna/na/atg/image/view.hh
> git cat-file -s 9e5772a2de41b5e65a35964a0a11a6e660abfcd6
> git status -z -u
> git ls-files --stage -- /home/nkaviratna/na/atg/simulation/usim/bridge/axl_impl/translate_messages.cc
> git ls-files --stage -- /home/nkaviratna/na/atg/image/view.hh
> git cat-file -s d337d2bf127c1b4fdd516cf62aa74794302773df
> git cat-file -s 9e5772a2de41b5e65a35964a0a11a6e660abfcd6
> git symbolic-ref --short HEAD
> git rev-parse NealKaviratna/skunk_camera
> git show :atg/simulation/usim/bridge/axl_impl/translate_messages.cc
> git show :atg/image/view.hh
> git rev-parse --symbolic-full-name NealKaviratna/skunk_camera@{u}
> git for-each-ref --format %(refname) %(objectname) --sort -committerdate
> git remote --verbose
> git config --get commit.template
> git status -z -u
> git symbolic-ref --short HEAD
> git rev-parse NealKaviratna/skunk_camera
> git rev-parse --symbolic-full-name NealKaviratna/skunk_camera@{u}
> git for-each-ref --format %(refname) %(objectname) --sort -committerdate
> git remote --verbose
> git config --get commit.template
> git show :atg/image/opencv_conversion.hh
> git ls-files --stage -- /home/nkaviratna/na/atg/image/opencv_conversion.hh
> git cat-file -s 3d5e1e457a88f9f79e6a9a5fa160b6dd1380e3d9
> git show :atg/image/formats.hh
> git ls-files --stage -- /home/nkaviratna/na/atg/image/formats.hh
> git cat-file -s 7e15e8ee08d8c5caa5f78b9f5bbd6fbd51ffda65
> git show :atg/image/pixel_map.cc
> git ls-files --stage -- /home/nkaviratna/na/atg/image/pixel_map.cc
> git cat-file -s 57a7d436e018ed59291c5bd29bffcb78ba214b3e
> git check-ignore -v -z --stdin
> git show :atg/image/reencode.cc
> git ls-files --stage -- /home/nkaviratna/na/atg/image/reencode.cc
> git cat-file -s 62da04edaae8edca9bfbea278e0913b1410ce85b
> git log --format=%H%n%aN%n%aE%n%at%n%ct%n%P%n%B -z -n21 -- /home/nkaviratna/na/atg/image/reencode.cc
> git log --format=%H%n%aN%n%aE%n%at%n%ct%n%P%n%B -z -n41 -- /home/nkaviratna/na/atg/image/reencode.cc
> git show :atg/image/opencv_conversion.hh
> git ls-files --stage -- /home/nkaviratna/na/atg/image/opencv_conversion.hh
> git cat-file -s 3d5e1e457a88f9f79e6a9a5fa160b6dd1380e3d9
> git show :atg/image/BUILD
> git ls-files --stage -- /home/nkaviratna/na/atg/image/BUILD
> git cat-file -s 829bc692988e922f39a9c404f9fa1fae0c7a13a3
> git show :atg/fpga/emulation/axl_impl/subgraph.hh
> git ls-files --stage -- /home/nkaviratna/na/atg/fpga/emulation/axl_impl/subgraph.hh
> git cat-file -s c908a729236e974f3ac7037af65c01f6d3dc0525
> git check-ignore -v -z --stdin
> git show :atg/image/pipeline/image.hh
> git ls-files --stage -- /home/nkaviratna/na/atg/image/pipeline/image.hh
> git cat-file -s ad294eb6f42f661038a72eb54ac7f8aaeeaa1e7b
> git check-ignore -v -z --stdin
> git check-ignore -v -z --stdin
> git log --format=%H%n%aN%n%aE%n%at%n%ct%n%P%n%B -z -n21 -- /home/nkaviratna/na/atg/simulation/usim/bridge/axl_impl/translate_messages.cc
> git check-ignore -v -z --stdin
> git check-ignore -v -z --stdin
> git show :atg/simulation/sensor/utils/csv_to_slice.cc
> git ls-files --stage -- /home/nkaviratna/na/atg/simulation/sensor/utils/csv_to_slice.cc
> git cat-file -s 451dfe8c1d68e7861ab2feaac05fe5d7609049e5
> git check-ignore -v -z --stdin
> git show :atg/platform/component/sensor_kit/common/xenon_hdcam/cameras.hh
> git ls-files --stage -- /home/nkaviratna/na/atg/platform/component/sensor_kit/common/xenon_hdcam/cameras.hh
> git cat-file -s 29df2b4dcf7bfcb9a8ca1e7ec07b1bf18d6172e2
> git check-ignore -v -z --stdin
> git show :atg/image/opencv_conversion.hh
> git ls-files --stage -- /home/nkaviratna/na/atg/image/opencv_conversion.hh
> git cat-file -s 3d5e1e457a88f9f79e6a9a5fa160b6dd1380e3d9
