[2020-05-12 12:15:17.799] [exthost] [info] extension host started
[2020-05-12 12:15:17.954] [exthost] [info] ExtensionService#_doActivateExtension vscode.debug-auto-launch {"startup":true,"extensionId":{"value":"vscode.debug-auto-launch","_lower":"vscode.debug-auto-launch"},"activationEvent":"*"}
[2020-05-12 12:15:17.955] [exthost] [info] ExtensionService#loadCommonJSModule file:///home/nkaviratna/.vscode-server-insiders/bin/fd5d9a30259bb2bebab3e62dfd8315c2e1b27744/extensions/debug-auto-launch/dist/extension
[2020-05-12 12:15:17.969] [exthost] [info] ExtensionService#_doActivateExtension vscode.emmet {"startup":true,"extensionId":{"value":"vscode.emmet","_lower":"vscode.emmet"},"activationEvent":"*"}
[2020-05-12 12:15:17.969] [exthost] [info] ExtensionService#loadCommonJSModule file:///home/nkaviratna/.vscode-server-insiders/bin/fd5d9a30259bb2bebab3e62dfd8315c2e1b27744/extensions/emmet/dist/extension
[2020-05-12 12:15:18.061] [exthost] [info] ExtensionService#_doActivateExtension vscode.git {"startup":true,"extensionId":{"value":"vscode.git","_lower":"vscode.git"},"activationEvent":"*"}
[2020-05-12 12:15:18.061] [exthost] [info] ExtensionService#loadCommonJSModule file:///home/nkaviratna/.vscode-server-insiders/bin/fd5d9a30259bb2bebab3e62dfd8315c2e1b27744/extensions/git/dist/main
[2020-05-12 12:15:18.188] [exthost] [info] ExtensionService#_doActivateExtension vscode.github-authentication {"startup":true,"extensionId":{"value":"vscode.github-authentication","_lower":"vscode.github-authentication"},"activationEvent":"*"}
[2020-05-12 12:15:18.189] [exthost] [info] ExtensionService#loadCommonJSModule file:///home/nkaviratna/.vscode-server-insiders/bin/fd5d9a30259bb2bebab3e62dfd8315c2e1b27744/extensions/github-authentication/dist/extension.js
[2020-05-12 12:15:18.234] [exthost] [info] ExtensionService#_doActivateExtension vscode.merge-conflict {"startup":true,"extensionId":{"value":"vscode.merge-conflict","_lower":"vscode.merge-conflict"},"activationEvent":"*"}
[2020-05-12 12:15:18.235] [exthost] [info] ExtensionService#loadCommonJSModule file:///home/nkaviratna/.vscode-server-insiders/bin/fd5d9a30259bb2bebab3e62dfd8315c2e1b27744/extensions/merge-conflict/dist/extension
[2020-05-12 12:15:18.247] [exthost] [info] ExtensionService#_doActivateExtension vscode.search-result {"startup":true,"extensionId":{"value":"vscode.search-result","_lower":"vscode.search-result"},"activationEvent":"*"}
[2020-05-12 12:15:18.248] [exthost] [info] ExtensionService#loadCommonJSModule file:///home/nkaviratna/.vscode-server-insiders/bin/fd5d9a30259bb2bebab3e62dfd8315c2e1b27744/extensions/search-result/dist/extension.js
[2020-05-12 12:15:18.251] [exthost] [info] ExtensionService#_doActivateExtension vscode.vscode-account {"startup":true,"extensionId":{"value":"vscode.vscode-account","_lower":"vscode.vscode-account"},"activationEvent":"*"}
[2020-05-12 12:15:18.252] [exthost] [info] ExtensionService#loadCommonJSModule file:///home/nkaviratna/.vscode-server-insiders/bin/fd5d9a30259bb2bebab3e62dfd8315c2e1b27744/extensions/vscode-account/dist/extension.js
[2020-05-12 12:15:18.290] [exthost] [info] ExtensionService#_doActivateExtension dbaeumer.vscode-eslint {"startup":true,"extensionId":{"value":"dbaeumer.vscode-eslint","_lower":"dbaeumer.vscode-eslint"},"activationEvent":"*"}
[2020-05-12 12:15:18.291] [exthost] [info] ExtensionService#loadCommonJSModule file:///home/nkaviratna/.vscode-server-insiders/extensions/dbaeumer.vscode-eslint-2.1.5/client/out/extension
[2020-05-12 12:15:18.344] [exthost] [info] ExtensionService#_doActivateExtension eamodio.gitlens {"startup":true,"extensionId":{"value":"eamodio.gitlens","_lower":"eamodio.gitlens"},"activationEvent":"*"}
[2020-05-12 12:15:18.344] [exthost] [info] ExtensionService#loadCommonJSModule file:///home/nkaviratna/.vscode-server-insiders/extensions/eamodio.gitlens-10.2.1/dist/extension
[2020-05-12 12:15:18.660] [exthost] [info] ExtensionService#_doActivateExtension ms-vsliveshare.vsliveshare {"startup":true,"extensionId":{"value":"ms-vsliveshare.vsliveshare","_lower":"ms-vsliveshare.vsliveshare"},"activationEvent":"*"}
[2020-05-12 12:15:18.660] [exthost] [info] ExtensionService#loadCommonJSModule file:///home/nkaviratna/.vscode-server-insiders/extensions/ms-vsliveshare.vsliveshare-1.0.2106/out/prod/extension-prod
[2020-05-12 12:15:19.162] [exthost] [info] eager extensions activated
[2020-05-12 12:15:20.271] [exthost] [warning] [Deprecation Warning] 'window.registerTaskProvider' is deprecated. Use the corresponding function on the 'tasks' namespace instead
[2020-05-12 12:15:24.742] [exthost] [info] Extension 'ms-vsliveshare.vsliveshare' uses a document selector without scheme. Learn more about this: https://go.microsoft.com/fwlink/?linkid=872305
[2020-05-12 12:44:42.822] [exthost] [info] ExtensionService#_doActivateExtension DevonDCarew.bazel-code {"startup":false,"extensionId":{"value":"DevonDCarew.bazel-code","_lower":"devondcarew.bazel-code"},"activationEvent":"onLanguage:bazel"}
[2020-05-12 12:44:42.822] [exthost] [info] ExtensionService#loadCommonJSModule file:///home/nkaviratna/.vscode-server-insiders/extensions/devondcarew.bazel-code-0.1.9/out/src/extension
[2020-05-12 12:44:42.949] [exthost] [info] Extension 'DevonDCarew.bazel-code' uses a document selector without scheme. Learn more about this: https://go.microsoft.com/fwlink/?linkid=872305
[2020-05-12 13:01:00.918] [exthost] [info] ExtensionService#_doActivateExtension redhat.vscode-yaml {"startup":false,"extensionId":{"value":"redhat.vscode-yaml","_lower":"redhat.vscode-yaml"},"activationEvent":"onLanguage:yaml"}
[2020-05-12 13:01:00.918] [exthost] [info] ExtensionService#loadCommonJSModule file:///home/nkaviratna/.vscode-server-insiders/extensions/redhat.vscode-yaml-0.8.0/out/src/extension
[2020-05-12 13:01:01.302] [exthost] [info] Extension 'redhat.vscode-yaml' uses a document selector without scheme. Learn more about this: https://go.microsoft.com/fwlink/?linkid=872305
[2020-05-12 13:02:17.994] [exthost] [info] ExtensionService#_doActivateExtension timonwong.shellcheck {"startup":false,"extensionId":{"value":"timonwong.shellcheck","_lower":"timonwong.shellcheck"},"activationEvent":"onLanguage:shellscript"}
[2020-05-12 13:02:17.994] [exthost] [info] ExtensionService#loadCommonJSModule file:///home/nkaviratna/.vscode-server-insiders/extensions/timonwong.shellcheck-0.9.0/main
[2020-05-12 13:02:18.211] [exthost] [info] Extension 'timonwong.shellcheck' uses a document selector without scheme. Learn more about this: https://go.microsoft.com/fwlink/?linkid=872305
[2020-05-12 13:10:33.032] [exthost] [info] ExtensionService#_doActivateExtension vscode.extension-editing {"startup":false,"extensionId":{"value":"vscode.extension-editing","_lower":"vscode.extension-editing"},"activationEvent":"onLanguage:markdown"}
[2020-05-12 13:10:33.032] [exthost] [info] ExtensionService#loadCommonJSModule file:///home/nkaviratna/.vscode-server-insiders/bin/fd5d9a30259bb2bebab3e62dfd8315c2e1b27744/extensions/extension-editing/dist/extension
[2020-05-12 13:10:33.050] [exthost] [info] ExtensionService#_doActivateExtension vscode.markdown-language-features {"startup":false,"extensionId":{"value":"vscode.markdown-language-features","_lower":"vscode.markdown-language-features"},"activationEvent":"onLanguage:markdown"}
[2020-05-12 13:10:33.050] [exthost] [info] ExtensionService#loadCommonJSModule file:///home/nkaviratna/.vscode-server-insiders/bin/fd5d9a30259bb2bebab3e62dfd8315c2e1b27744/extensions/markdown-language-features/dist/extension
[2020-05-12 13:10:33.078] [exthost] [info] ExtensionService#_doActivateExtension DavidAnson.vscode-markdownlint {"startup":false,"extensionId":{"value":"DavidAnson.vscode-markdownlint","_lower":"davidanson.vscode-markdownlint"},"activationEvent":"onLanguage:markdown"}
[2020-05-12 13:10:33.078] [exthost] [info] ExtensionService#loadCommonJSModule file:///home/nkaviratna/.vscode-server-insiders/extensions/davidanson.vscode-markdownlint-0.35.1/bundle
[2020-05-12 16:25:16.023] [exthost] [info] ExtensionService#_doActivateExtension zxh404.vscode-proto3 {"startup":false,"extensionId":{"value":"zxh404.vscode-proto3","_lower":"zxh404.vscode-proto3"},"activationEvent":"onLanguage:proto3"}
[2020-05-12 16:25:16.024] [exthost] [info] ExtensionService#loadCommonJSModule file:///home/nkaviratna/.vscode-server-insiders/extensions/zxh404.vscode-proto3-0.4.2/out/src/proto3Main
[2020-05-12 16:25:18.550] [exthost] [warning] [Deprecation Warning] 'LanguageConfiguration.__electricCharacterSupport' is deprecated. Do not use.
[2020-05-12 16:25:18.550] [exthost] [warning] [Deprecation Warning] 'LanguageConfiguration.__characterPairSupport' is deprecated. Do not use.
[2020-05-12 16:25:18.551] [exthost] [info] Extension 'zxh404.vscode-proto3' uses a document selector without scheme. Learn more about this: https://go.microsoft.com/fwlink/?linkid=872305
[2020-05-12 16:25:19.478] [exthost] [error] [ms-vsliveshare.vsliveshare] provider FAILED
[2020-05-12 16:25:19.488] [exthost] [error] Error: Illegal argument
    at Object.t.illegalArgument (file:///Applications/Visual Studio Code - Insiders.app/Contents/Resources/app/out/vs/workbench/workbench.desktop.main.js:47:46)
    at file:///Applications/Visual Studio Code - Insiders.app/Contents/Resources/app/out/vs/workbench/workbench.desktop.main.js:1917:922
    at file:///Applications/Visual Studio Code - Insiders.app/Contents/Resources/app/out/vs/workbench/workbench.desktop.main.js:1860:696
    at d.invokeFunction (file:///Applications/Visual Studio Code - Insiders.app/Contents/Resources/app/out/vs/workbench/workbench.desktop.main.js:1624:375)
    at e._tryExecuteCommand (file:///Applications/Visual Studio Code - Insiders.app/Contents/Resources/app/out/vs/workbench/workbench.desktop.main.js:3681:267)
    at file:///Applications/Visual Studio Code - Insiders.app/Contents/Resources/app/out/vs/workbench/workbench.desktop.main.js:3681:16
    at processTicksAndRejections (internal/process/task_queues.js:85:5)
