Looking for git in: git
Using git 2.17.1 from git
> git rev-parse --show-toplevel
> git rev-parse --git-dir
Open repository: /home/nkaviratna/na
> git status -z -u
> git symbolic-ref --short HEAD
> git rev-parse NealKaviratna/skunk_camera
> git rev-parse --symbolic-full-name NealKaviratna/skunk_camera@{u}
> git for-each-ref --format %(refname) %(objectname) --sort -committerdate
> git remote --verbose
> git show :atg/simulation/usim/bridge/axl_impl/translate_messages.cc
> git ls-files --stage -- /home/nkaviratna/na/atg/simulation/usim/bridge/axl_impl/translate_messages.cc
> git cat-file -s d337d2bf127c1b4fdd516cf62aa74794302773df
> git check-ignore -v -z --stdin
> git config --get commit.template
> git config --global user.email
> git config --global user.name
> git status -z -u
> git symbolic-ref --short HEAD
> git rev-parse NealKaviratna/skunk_camera
> git rev-parse --symbolic-full-name NealKaviratna/skunk_camera@{u}
> git for-each-ref --format %(refname) %(objectname) --sort -committerdate
> git remote --verbose
> git config --get commit.template
> git show -s --format=%an <%ae> [%ai] 5a907377d39d90cb5d79e28b25bccd11cc440ffc
> git show -s --format=%H%n%aN%n%aE%n%at%n%ct%n%P%n%B -z 5a907377d39d90cb5d79e28b25bccd11cc440ffc
> git show -s --format=%an <%ae> [%ai] 1d1f13c4fa36f8c3647c0f43c5ff8177bf024cfe
> git show -s --format=%H%n%aN%n%aE%n%at%n%ct%n%P%n%B -z 1d1f13c4fa36f8c3647c0f43c5ff8177bf024cfe
> git show -s --format=%an <%ae> [%ai] 84b790fc7fc5c0d070b54bad34db0a1582dee82b
> git show -s --format=%H%n%aN%n%aE%n%at%n%ct%n%P%n%B -z 84b790fc7fc5c0d070b54bad34db0a1582dee82b
> git show -s --format=%an <%ae> [%ai] aef1a6d845915f89552be744a5a081690656c3cb
> git show -s --format=%an <%ae> [%ai] 79c9fe672cbb8818b84a8e4d60a9c924ab7c652c
> git show -s --format=%H%n%aN%n%aE%n%at%n%ct%n%P%n%B -z 79c9fe672cbb8818b84a8e4d60a9c924ab7c652c
> git show -s --format=%an <%ae> [%ai] e35e3fb3682f25dd16cc769eb5948f32b870bfbd
> git show -s --format=%H%n%aN%n%aE%n%at%n%ct%n%P%n%B -z e35e3fb3682f25dd16cc769eb5948f32b870bfbd
> git show -s --format=%an <%ae> [%ai] 437d0319895ac1c95762013f24c0f3208508db29
> git show -s --format=%H%n%aN%n%aE%n%at%n%ct%n%P%n%B -z aef1a6d845915f89552be744a5a081690656c3cb
> git show -s --format=%H%n%aN%n%aE%n%at%n%ct%n%P%n%B -z 437d0319895ac1c95762013f24c0f3208508db29
> git show -s --format=%an <%ae> [%ai] 337702d2360e5c2f7231ef1569c43d59db7d8b95
> git show -s --format=%H%n%aN%n%aE%n%at%n%ct%n%P%n%B -z 337702d2360e5c2f7231ef1569c43d59db7d8b95
> git show -s --format=%an <%ae> [%ai] 2bb120b785b93644ba2320a6e5b6c75745b28800
> git show -s --format=%H%n%aN%n%aE%n%at%n%ct%n%P%n%B -z 2bb120b785b93644ba2320a6e5b6c75745b28800
> git show -s --format=%an <%ae> [%ai] 250410e1414b045bf324cc118f2a94e05542c695
> git show -s --format=%an <%ae> [%ai] f8b0ab78671ed94a4060fa6f35686657893ffa3d
> git show -s --format=%H%n%aN%n%aE%n%at%n%ct%n%P%n%B -z 250410e1414b045bf324cc118f2a94e05542c695
> git show -s --format=%an <%ae> [%ai] 307974330aeceee23e983df0caab5b9fe6d8bba6
> git show -s --format=%an <%ae> [%ai] 07d5753c09164bae14c583b66d353ed3b177cf80
> git show -s --format=%H%n%aN%n%aE%n%at%n%ct%n%P%n%B -z f8b0ab78671ed94a4060fa6f35686657893ffa3d
> git show -s --format=%H%n%aN%n%aE%n%at%n%ct%n%P%n%B -z 07d5753c09164bae14c583b66d353ed3b177cf80
> git show -s --format=%H%n%aN%n%aE%n%at%n%ct%n%P%n%B -z 307974330aeceee23e983df0caab5b9fe6d8bba6
> git show -s --format=%an <%ae> [%ai] 4ce6e6205ca26184ac32392d6d017b424c2a94eb
> git show -s --format=%an <%ae> [%ai] 0f5bfd7332ac05e7e666f33c0a83781679b9169e
> git show -s --format=%H%n%aN%n%aE%n%at%n%ct%n%P%n%B -z 4ce6e6205ca26184ac32392d6d017b424c2a94eb
> git show -s --format=%an <%ae> [%ai] a221a84afedd4c6daab2aa8a673b197de1af1926
> git show -s --format=%an <%ae> [%ai] dc4242767212ca80da1b3b08deb000d73b0a68c4
> git show -s --format=%H%n%aN%n%aE%n%at%n%ct%n%P%n%B -z 0f5bfd7332ac05e7e666f33c0a83781679b9169e
> git show -s --format=%H%n%aN%n%aE%n%at%n%ct%n%P%n%B -z dc4242767212ca80da1b3b08deb000d73b0a68c4
> git show -s --format=%H%n%aN%n%aE%n%at%n%ct%n%P%n%B -z a221a84afedd4c6daab2aa8a673b197de1af1926
> git show -s --format=%an <%ae> [%ai] 0ca232b9462611c3328e3859ccd4479ea450f9a4
> git show -s --format=%an <%ae> [%ai] f529ca9eb557571022df190e990809d882267823
> git show -s --format=%H%n%aN%n%aE%n%at%n%ct%n%P%n%B -z 0ca232b9462611c3328e3859ccd4479ea450f9a4
> git show -s --format=%an <%ae> [%ai] 82b7d57257a28fcc20450e644b0c27460b2e0cf4
> git show -s --format=%an <%ae> [%ai] 90f72621d77939c7a2fb5eaf676ce01965c46098
> git show -s --format=%H%n%aN%n%aE%n%at%n%ct%n%P%n%B -z f529ca9eb557571022df190e990809d882267823
> git show -s --format=%H%n%aN%n%aE%n%at%n%ct%n%P%n%B -z 90f72621d77939c7a2fb5eaf676ce01965c46098
> git show -s --format=%H%n%aN%n%aE%n%at%n%ct%n%P%n%B -z 82b7d57257a28fcc20450e644b0c27460b2e0cf4
> git status -z -u
> git ls-files --stage -- /home/nkaviratna/na/atg/simulation/usim/bridge/axl_impl/translate_messages.cc
> git cat-file -s 06b5a81ab2f2ed2aaff0280fcc0e64f5d4073da5
> git show :atg/simulation/usim/bridge/axl_impl/translate_messages.cc
> git symbolic-ref --short HEAD
> git rev-parse NealKaviratna/camera_in_proto
> git rev-parse --symbolic-full-name NealKaviratna/camera_in_proto@{u}
> git for-each-ref --format %(refname) %(objectname) --sort -committerdate
> git remote --verbose
> git config --get commit.template
> git show :atg/simulation/usim/serialization/test/perception_sim_test.cc
> git ls-files --stage -- /home/nkaviratna/na/atg/simulation/usim/serialization/test/perception_sim_test.cc
> git cat-file -s bd6bcf21bf222ccf80c2c1b5a4dc6f98d65d1116
> git check-ignore -v -z --stdin
> git status -z -u
> git symbolic-ref --short HEAD
> git rev-parse NealKaviratna/camera_in_proto
> git rev-parse --symbolic-full-name NealKaviratna/camera_in_proto@{u}
> git for-each-ref --format %(refname) %(objectname) --sort -committerdate
> git remote --verbose
> git config --get commit.template
> git status -z -u
> git ls-files --stage -- /home/nkaviratna/na/atg/simulation/usim/serialization/test/perception_sim_test.cc
> git cat-file -s 4df2e808d1671e98f5322902700f106b6d914aa1
> git show :atg/simulation/usim/serialization/test/perception_sim_test.cc
> git symbolic-ref --short HEAD
> git rev-parse NealKaviratna/camera_in_proto
> git rev-parse --symbolic-full-name NealKaviratna/camera_in_proto@{u}
> git for-each-ref --format %(refname) %(objectname) --sort -committerdate
> git remote --verbose
> git config --get commit.template
> git status -z -u
> git symbolic-ref --short HEAD
> git rev-parse NealKaviratna/camera_in_proto
> git rev-parse --symbolic-full-name NealKaviratna/camera_in_proto@{u}
> git for-each-ref --format %(refname) %(objectname) --sort -committerdate
> git remote --verbose
> git config --get commit.template
> git status -z -u
> git ls-files --stage -- /home/nkaviratna/na/atg/simulation/usim/serialization/test/perception_sim_test.cc
> git cat-file -s 4df2e808d1671e98f5322902700f106b6d914aa1
> git show :atg/simulation/usim/serialization/test/perception_sim_test.cc
> git symbolic-ref --short HEAD
> git rev-parse NealKaviratna/camera_in_proto
> git rev-parse --symbolic-full-name NealKaviratna/camera_in_proto@{u}
> git for-each-ref --format %(refname) %(objectname) --sort -committerdate
> git remote --verbose
> git config --get commit.template
> git status -z -u
> git symbolic-ref --short HEAD
> git rev-parse NealKaviratna/camera_in_proto
> git rev-parse --symbolic-full-name NealKaviratna/camera_in_proto@{u}
> git for-each-ref --format %(refname) %(objectname) --sort -committerdate
> git remote --verbose
> git config --get commit.template
> git show :atg/simulation/usim/bridge/axl_impl/translate_messages.cc
> git ls-files --stage -- /home/nkaviratna/na/atg/simulation/usim/bridge/axl_impl/translate_messages.cc
> git cat-file -s 04a2bc5d7a9f6b555578fa4486ee2e92275cf3b4
> git show :atg/simulation/usim/serialization/test/perception_sim_test.cc
> git ls-files --stage -- /home/nkaviratna/na/atg/simulation/usim/serialization/test/perception_sim_test.cc
> git cat-file -s 4df2e808d1671e98f5322902700f106b6d914aa1
> git show :atg/simulation/usim/serialization/perception_sim.hh
> git ls-files --stage -- /home/nkaviratna/na/atg/simulation/usim/serialization/perception_sim.hh
> git cat-file -s 7df61b74a885a655a6eef325d89127713ca7150d
> git show :atg/simulation/usim/serialization/test/perception_sim_test.cc
> git ls-files --stage -- /home/nkaviratna/na/atg/simulation/usim/serialization/test/perception_sim_test.cc
> git cat-file -s 4df2e808d1671e98f5322902700f106b6d914aa1
> git status -z -u
> git ls-files --stage -- /home/nkaviratna/na/atg/simulation/usim/serialization/test/perception_sim_test.cc
> git cat-file -s 4df2e808d1671e98f5322902700f106b6d914aa1
> git show :atg/simulation/usim/serialization/test/perception_sim_test.cc
> git symbolic-ref --short HEAD
> git rev-parse NealKaviratna/camera_in_proto
> git rev-parse --symbolic-full-name NealKaviratna/camera_in_proto@{u}
> git for-each-ref --format %(refname) %(objectname) --sort -committerdate
> git remote --verbose
> git config --get commit.template
> git status -z -u
> git symbolic-ref --short HEAD
> git rev-parse NealKaviratna/camera_in_proto
> git rev-parse --symbolic-full-name NealKaviratna/camera_in_proto@{u}
> git for-each-ref --format %(refname) %(objectname) --sort -committerdate
> git remote --verbose
> git config --get commit.template
> git show :atg/simulation/usim/serialization/perception_sim.hh
> git ls-files --stage -- /home/nkaviratna/na/atg/simulation/usim/serialization/perception_sim.hh
> git cat-file -s 7df61b74a885a655a6eef325d89127713ca7150d
> git show :atg/simulation/usim/serialization/test/perception_sim_test.cc
> git ls-files --stage -- /home/nkaviratna/na/atg/simulation/usim/serialization/test/perception_sim_test.cc
> git cat-file -s 4df2e808d1671e98f5322902700f106b6d914aa1
> git status -z -u
> git ls-files --stage -- /home/nkaviratna/na/atg/simulation/usim/serialization/test/perception_sim_test.cc
> git cat-file -s 9b5b1e02fa359b7afedf81d771c410ecdd3d09d9
> git show :atg/simulation/usim/serialization/test/perception_sim_test.cc
> git symbolic-ref --short HEAD
> git rev-parse NealKaviratna/camera_in_proto
> git rev-parse --symbolic-full-name NealKaviratna/camera_in_proto@{u}
> git for-each-ref --format %(refname) %(objectname) --sort -committerdate
> git remote --verbose
> git config --get commit.template
> git status -z -u
> git ls-files --stage -- /home/nkaviratna/na/atg/simulation/usim/serialization/test/perception_sim_test.cc
> git cat-file -s 9b5b1e02fa359b7afedf81d771c410ecdd3d09d9
> git show :atg/simulation/usim/serialization/test/perception_sim_test.cc
> git symbolic-ref --short HEAD
> git rev-parse NealKaviratna/camera_in_proto
> git rev-parse --symbolic-full-name NealKaviratna/camera_in_proto@{u}
> git for-each-ref --format %(refname) %(objectname) --sort -committerdate
> git remote --verbose
> git config --get commit.template
> git show :atg/simulation/usim/serialization/perception_sim.hh
> git ls-files --stage -- /home/nkaviratna/na/atg/simulation/usim/serialization/perception_sim.hh
> git cat-file -s 7df61b74a885a655a6eef325d89127713ca7150d
> git show :atg/simulation/usim/serialization/test/perception_sim_test.cc
> git ls-files --stage -- /home/nkaviratna/na/atg/simulation/usim/serialization/test/perception_sim_test.cc
> git cat-file -s 9b5b1e02fa359b7afedf81d771c410ecdd3d09d9
> git status -z -u
> git symbolic-ref --short HEAD
> git rev-parse NealKaviratna/camera_in_proto
> git rev-parse --symbolic-full-name NealKaviratna/camera_in_proto@{u}
> git for-each-ref --format %(refname) %(objectname) --sort -committerdate
> git remote --verbose
> git config --get commit.template
> git show :atg/simulation/usim/serialization/perception_sim.hh
> git ls-files --stage -- /home/nkaviratna/na/atg/simulation/usim/serialization/perception_sim.hh
> git cat-file -s 7df61b74a885a655a6eef325d89127713ca7150d
> git show :atg/simulation/usim/serialization/test/perception_sim_test.cc
> git ls-files --stage -- /home/nkaviratna/na/atg/simulation/usim/serialization/test/perception_sim_test.cc
> git cat-file -s 9b5b1e02fa359b7afedf81d771c410ecdd3d09d9
> git show :atg/simulation/usim/serialization/perception_sim.hh
> git ls-files --stage -- /home/nkaviratna/na/atg/simulation/usim/serialization/perception_sim.hh
> git cat-file -s 7df61b74a885a655a6eef325d89127713ca7150d
> git show :atg/simulation/usim/serialization/test/perception_sim_test.cc
> git ls-files --stage -- /home/nkaviratna/na/atg/simulation/usim/serialization/test/perception_sim_test.cc
> git cat-file -s 9b5b1e02fa359b7afedf81d771c410ecdd3d09d9
> git show :atg/simulation/usim/serialization/perception_sim.hh
> git ls-files --stage -- /home/nkaviratna/na/atg/simulation/usim/serialization/perception_sim.hh
> git cat-file -s 7df61b74a885a655a6eef325d89127713ca7150d
> git show :atg/simulation/usim/serialization/test/perception_sim_test.cc
> git ls-files --stage -- /home/nkaviratna/na/atg/simulation/usim/serialization/test/perception_sim_test.cc
> git cat-file -s 9b5b1e02fa359b7afedf81d771c410ecdd3d09d9
> git show :atg/simulation/usim/serialization/perception_sim.hh
> git ls-files --stage -- /home/nkaviratna/na/atg/simulation/usim/serialization/perception_sim.hh
> git cat-file -s 7df61b74a885a655a6eef325d89127713ca7150d
> git show :atg/simulation/usim/serialization/test/perception_sim_test.cc
> git ls-files --stage -- /home/nkaviratna/na/atg/simulation/usim/serialization/test/perception_sim_test.cc
> git cat-file -s 9b5b1e02fa359b7afedf81d771c410ecdd3d09d9
> git show :atg/simulation/usim/serialization/perception_sim.hh
> git ls-files --stage -- /home/nkaviratna/na/atg/simulation/usim/serialization/perception_sim.hh
> git cat-file -s 7df61b74a885a655a6eef325d89127713ca7150d
> git show :atg/simulation/usim/serialization/test/perception_sim_test.cc
> git ls-files --stage -- /home/nkaviratna/na/atg/simulation/usim/serialization/test/perception_sim_test.cc
> git cat-file -s 9b5b1e02fa359b7afedf81d771c410ecdd3d09d9
> git show :atg/simulation/usim/serialization/perception_sim.hh
> git ls-files --stage -- /home/nkaviratna/na/atg/simulation/usim/serialization/perception_sim.hh
> git cat-file -s 7df61b74a885a655a6eef325d89127713ca7150d
> git show :atg/simulation/usim/serialization/test/perception_sim_test.cc
> git ls-files --stage -- /home/nkaviratna/na/atg/simulation/usim/serialization/test/perception_sim_test.cc
> git cat-file -s 9b5b1e02fa359b7afedf81d771c410ecdd3d09d9
> git show :atg/simulation/usim/serialization/perception_sim.hh
> git ls-files --stage -- /home/nkaviratna/na/atg/simulation/usim/serialization/perception_sim.hh
> git cat-file -s 7df61b74a885a655a6eef325d89127713ca7150d
> git show :atg/simulation/usim/serialization/test/perception_sim_test.cc
> git ls-files --stage -- /home/nkaviratna/na/atg/simulation/usim/serialization/test/perception_sim_test.cc
> git cat-file -s 9b5b1e02fa359b7afedf81d771c410ecdd3d09d9
> git show :atg/simulation/usim/serialization/perception_sim.hh
> git ls-files --stage -- /home/nkaviratna/na/atg/simulation/usim/serialization/perception_sim.hh
> git cat-file -s 7df61b74a885a655a6eef325d89127713ca7150d
> git show :atg/simulation/usim/serialization/test/perception_sim_test.cc
> git ls-files --stage -- /home/nkaviratna/na/atg/simulation/usim/serialization/test/perception_sim_test.cc
> git cat-file -s 9b5b1e02fa359b7afedf81d771c410ecdd3d09d9
> git show :atg/simulation/usim/serialization/perception_sim.hh
> git ls-files --stage -- /home/nkaviratna/na/atg/simulation/usim/serialization/perception_sim.hh
> git cat-file -s 7df61b74a885a655a6eef325d89127713ca7150d
> git show :atg/simulation/usim/serialization/test/perception_sim_test.cc
> git ls-files --stage -- /home/nkaviratna/na/atg/simulation/usim/serialization/test/perception_sim_test.cc
> git cat-file -s 9b5b1e02fa359b7afedf81d771c410ecdd3d09d9
> git show :atg/simulation/usim/serialization/perception_sim.hh
> git ls-files --stage -- /home/nkaviratna/na/atg/simulation/usim/serialization/perception_sim.hh
> git cat-file -s 7df61b74a885a655a6eef325d89127713ca7150d
> git show :atg/simulation/usim/serialization/test/perception_sim_test.cc
> git ls-files --stage -- /home/nkaviratna/na/atg/simulation/usim/serialization/test/perception_sim_test.cc
> git cat-file -s 9b5b1e02fa359b7afedf81d771c410ecdd3d09d9
> git status -z -u
> git ls-files --stage -- /home/nkaviratna/na/atg/simulation/usim/serialization/test/perception_sim_test.cc
> git cat-file -s 9b5b1e02fa359b7afedf81d771c410ecdd3d09d9
> git show :atg/simulation/usim/serialization/test/perception_sim_test.cc
> git symbolic-ref --short HEAD
> git rev-parse NealKaviratna/camera_in_proto
> git rev-parse --symbolic-full-name NealKaviratna/camera_in_proto@{u}
> git for-each-ref --format %(refname) %(objectname) --sort -committerdate
> git remote --verbose
> git config --get commit.template
> git status -z -u
> git ls-files --stage -- /home/nkaviratna/na/atg/simulation/usim/serialization/test/perception_sim_test.cc
> git cat-file -s 50b5cc296648ab62daa4b782450c95a6cebf264c
> git show :atg/simulation/usim/serialization/test/perception_sim_test.cc
> git symbolic-ref --short HEAD
> git rev-parse NealKaviratna/camera_in_proto
> git rev-parse --symbolic-full-name NealKaviratna/camera_in_proto@{u}
> git for-each-ref --format %(refname) %(objectname) --sort -committerdate
> git remote --verbose
> git config --get commit.template
> git show :atg/simulation/usim/bridge/axl_impl/test/r2d2_raydrop_test.cc
> git ls-files --stage -- /home/nkaviratna/na/atg/simulation/usim/bridge/axl_impl/test/r2d2_raydrop_test.cc
> git cat-file -s ca5a7ef56750807c64afcee9eee22006dd158dd4
> git check-ignore -v -z --stdin
> git status -z -u
> git symbolic-ref --short HEAD
> git rev-parse NealKaviratna/camera_in_proto
> git rev-parse --symbolic-full-name NealKaviratna/camera_in_proto@{u}
> git for-each-ref --format %(refname) %(objectname) --sort -committerdate
> git remote --verbose
> git show :atg/simulation/usim/serialization/test/perception_sim_test.cc
> git ls-files --stage -- /home/nkaviratna/na/atg/simulation/usim/serialization/test/perception_sim_test.cc
> git config --get commit.template
> git cat-file -s 50b5cc296648ab62daa4b782450c95a6cebf264c
> git show :atg/simulation/usim/bridge/axl_impl/test/r2d2_raydrop_test.cc
> git ls-files --stage -- /home/nkaviratna/na/atg/simulation/usim/bridge/axl_impl/test/r2d2_raydrop_test.cc
> git cat-file -s ca5a7ef56750807c64afcee9eee22006dd158dd4
> git show :atg/simulation/usim/serialization/test/perception_sim_test.cc
> git ls-files --stage -- /home/nkaviratna/na/atg/simulation/usim/serialization/test/perception_sim_test.cc
> git cat-file -s 50b5cc296648ab62daa4b782450c95a6cebf264c
> git show :atg/simulation/usim/bridge/axl_impl/test/r2d2_raydrop_test.cc
> git ls-files --stage -- /home/nkaviratna/na/atg/simulation/usim/bridge/axl_impl/test/r2d2_raydrop_test.cc
> git cat-file -s ca5a7ef56750807c64afcee9eee22006dd158dd4
