Looking for git in: git
Using git 2.17.1 from git
> git rev-parse --show-toplevel
> git rev-parse --git-dir
Open repository: /home/nkaviratna/na
> git status -z -u
> git config --global user.email
> git symbolic-ref --short HEAD
> git config --global user.name
> git rev-parse NealKaviratna/actor_viz
> git rev-parse --symbolic-full-name NealKaviratna/actor_viz@{u}
> git for-each-ref --format %(refname) %(objectname) --sort -committerdate
> git remote --verbose
> git check-ignore -v -z --stdin
> git config --get commit.template
> git status -z -u
> git symbolic-ref --short HEAD
> git rev-parse NealKaviratna/actor_viz
> git rev-parse --symbolic-full-name NealKaviratna/actor_viz@{u}
> git for-each-ref --format %(refname) %(objectname) --sort -committerdate
> git remote --verbose
> git config --get commit.template
> git show -s --format=%an <%ae> [%ai] 080efa3e7a845074fe56b6d0b7032a3a0eba257c
> git show -s --format=%H%n%aN%n%aE%n%at%n%ct%n%P%n%B -z 080efa3e7a845074fe56b6d0b7032a3a0eba257c
> git show -s --format=%an <%ae> [%ai] 5c82709784531b982cd9327df530d2da35a799d2
> git show -s --format=%H%n%aN%n%aE%n%at%n%ct%n%P%n%B -z 5c82709784531b982cd9327df530d2da35a799d2
> git show -s --format=%an <%ae> [%ai] a25b48eb45fbb09c4b0c07e581982637d97a4a50
> git show -s --format=%H%n%aN%n%aE%n%at%n%ct%n%P%n%B -z a25b48eb45fbb09c4b0c07e581982637d97a4a50
> git show -s --format=%an <%ae> [%ai] 5382980631fa195477da596b368952f29cd1c682
> git show -s --format=%an <%ae> [%ai] 62a97528448f49905838f3766e63783221d363ff
> git show -s --format=%H%n%aN%n%aE%n%at%n%ct%n%P%n%B -z 5382980631fa195477da596b368952f29cd1c682
> git show -s --format=%H%n%aN%n%aE%n%at%n%ct%n%P%n%B -z 62a97528448f49905838f3766e63783221d363ff
> git show -s --format=%an <%ae> [%ai] 6515e59613d685701a7d7786bd520cbb5d9ecdf8
> git show -s --format=%H%n%aN%n%aE%n%at%n%ct%n%P%n%B -z 6515e59613d685701a7d7786bd520cbb5d9ecdf8
> git show -s --format=%an <%ae> [%ai] b80ba6d28ec58a7d6a066ac18c40a2ddd0376140
> git show -s --format=%an <%ae> [%ai] 5de11d860466447948a00992ab8970b60de63019
> git show -s --format=%H%n%aN%n%aE%n%at%n%ct%n%P%n%B -z b80ba6d28ec58a7d6a066ac18c40a2ddd0376140
> git show -s --format=%H%n%aN%n%aE%n%at%n%ct%n%P%n%B -z 5de11d860466447948a00992ab8970b60de63019
> git show -s --format=%an <%ae> [%ai] ca96d6023aee6b9887f399e676b83fc8282e93a9
> git show -s --format=%an <%ae> [%ai] 198b0b48dbb2ad3ae7d85ab951c551ea9f4a3ded
> git show -s --format=%H%n%aN%n%aE%n%at%n%ct%n%P%n%B -z ca96d6023aee6b9887f399e676b83fc8282e93a9
> git show -s --format=%H%n%aN%n%aE%n%at%n%ct%n%P%n%B -z 198b0b48dbb2ad3ae7d85ab951c551ea9f4a3ded
> git show -s --format=%an <%ae> [%ai] 1afecb2f52efa028c2e669213506f7fe8aa73686
> git show -s --format=%an <%ae> [%ai] 52a408f97983eb18c1a3ba5e62fd569934312c40
> git show -s --format=%H%n%aN%n%aE%n%at%n%ct%n%P%n%B -z 1afecb2f52efa028c2e669213506f7fe8aa73686
> git show -s --format=%H%n%aN%n%aE%n%at%n%ct%n%P%n%B -z 52a408f97983eb18c1a3ba5e62fd569934312c40
> git show -s --format=%an <%ae> [%ai] 6d7f3226c01fd6f2e8cdfc213ac21b330dadcae8
> git show -s --format=%an <%ae> [%ai] 3f829218d466e585a7e256d76887ac2c2c55cf7a
> git show -s --format=%H%n%aN%n%aE%n%at%n%ct%n%P%n%B -z 6d7f3226c01fd6f2e8cdfc213ac21b330dadcae8
> git show -s --format=%H%n%aN%n%aE%n%at%n%ct%n%P%n%B -z 3f829218d466e585a7e256d76887ac2c2c55cf7a
> git show -s --format=%an <%ae> [%ai] 1cbb830b83049873ae753994def7d15082886641
> git show -s --format=%an <%ae> [%ai] 4d1f89b6ae4cb113c79f1c505d2e53acf5c37794
> git show -s --format=%H%n%aN%n%aE%n%at%n%ct%n%P%n%B -z 1cbb830b83049873ae753994def7d15082886641
> git show -s --format=%H%n%aN%n%aE%n%at%n%ct%n%P%n%B -z 4d1f89b6ae4cb113c79f1c505d2e53acf5c37794
> git show -s --format=%an <%ae> [%ai] e5774dd852fa4f721ee7efd13d6380731584974e
> git show -s --format=%an <%ae> [%ai] 7259d5ff3a3bfbb85b3980c8ee49c2f4ef056daa
> git show -s --format=%H%n%aN%n%aE%n%at%n%ct%n%P%n%B -z e5774dd852fa4f721ee7efd13d6380731584974e
> git show -s --format=%H%n%aN%n%aE%n%at%n%ct%n%P%n%B -z 7259d5ff3a3bfbb85b3980c8ee49c2f4ef056daa
> git show -s --format=%an <%ae> [%ai] 6489e43b3cfe76da9340d96a078303ca4049492f
> git show -s --format=%an <%ae> [%ai] a2762bb446c9554a9797f9ed8db68bba1ebd8f9f
> git show -s --format=%H%n%aN%n%aE%n%at%n%ct%n%P%n%B -z 6489e43b3cfe76da9340d96a078303ca4049492f
> git show -s --format=%H%n%aN%n%aE%n%at%n%ct%n%P%n%B -z a2762bb446c9554a9797f9ed8db68bba1ebd8f9f
> git show -s --format=%an <%ae> [%ai] 363b0252ce564e7d444212b515b961c28b78d2b2
> git show -s --format=%an <%ae> [%ai] 770870a0c3376c767cfd1394a170b1c6dc0fe6fb
> git show -s --format=%H%n%aN%n%aE%n%at%n%ct%n%P%n%B -z 363b0252ce564e7d444212b515b961c28b78d2b2
> git show -s --format=%an <%ae> [%ai] 07ca54b9940c85b5534ed2dc2e823adc0a641607
> git show -s --format=%H%n%aN%n%aE%n%at%n%ct%n%P%n%B -z 770870a0c3376c767cfd1394a170b1c6dc0fe6fb
> git show -s --format=%H%n%aN%n%aE%n%at%n%ct%n%P%n%B -z 07ca54b9940c85b5534ed2dc2e823adc0a641607
> git show -s --format=%an <%ae> [%ai] ddbdac1f646a824b022867e5a91da538514c8b87
> git show -s --format=%an <%ae> [%ai] e06ee29a0f395ec8065f80af0be7dff5aaa82371
> git show -s --format=%H%n%aN%n%aE%n%at%n%ct%n%P%n%B -z ddbdac1f646a824b022867e5a91da538514c8b87
> git show -s --format=%H%n%aN%n%aE%n%at%n%ct%n%P%n%B -z e06ee29a0f395ec8065f80af0be7dff5aaa82371
> git check-ignore -v -z --stdin
> git show :atg/simulation/s2/xviz_impl/conversion.cc
> git ls-files --stage -- /home/nkaviratna/na/atg/simulation/s2/xviz_impl/conversion.cc
> git cat-file -s cbd181456afd0064874647b227daae5c4db7f0a5
> git check-ignore -v -z --stdin
> git show :atg/simulation/s2/xviz_impl/conversion.hh
> git ls-files --stage -- /home/nkaviratna/na/atg/simulation/s2/xviz_impl/conversion.hh
> git cat-file -s 45a504469924dd767d0eefcc5aaa959d06c7b749
> git show :atg/simulation/s2/xviz_impl/conversion.cc
> git ls-files --stage -- /home/nkaviratna/na/atg/simulation/s2/xviz_impl/conversion.cc
> git cat-file -s cbd181456afd0064874647b227daae5c4db7f0a5
> git show :atg/bolts/base/overloaded_visitor.hh
> git ls-files --stage -- /home/nkaviratna/na/atg/bolts/base/overloaded_visitor.hh
> git cat-file -s 09a1e47c68eea6c3ad063aacb429cad53b2e2d5c
> git check-ignore -v -z --stdin
> git show :atg/autonomy_system_metrics_rna_interface/metric_writers/axl_impl/excessive_caution_metric_writer.cc
> git ls-files --stage -- /home/nkaviratna/na/atg/autonomy_system_metrics_rna_interface/metric_writers/axl_impl/excessive_caution_metric_writer.cc
> git cat-file -s 94231fbf199f6ae64ad5b96759be345215ea9ab1
> git check-ignore -v -z --stdin
> git show :atg/simulation/s2/xviz_impl/conversion.cc
> git ls-files --stage -- /home/nkaviratna/na/atg/simulation/s2/xviz_impl/conversion.cc
> git cat-file -s cbd181456afd0064874647b227daae5c4db7f0a5
> git status -z -u
> git ls-files --stage -- /home/nkaviratna/na/atg/simulation/s2/xviz_impl/conversion.cc
> git cat-file -s cbd181456afd0064874647b227daae5c4db7f0a5
> git show :atg/simulation/s2/xviz_impl/conversion.cc
> git symbolic-ref --short HEAD
> git rev-parse NealKaviratna/actor_viz
> git rev-parse --symbolic-full-name NealKaviratna/actor_viz@{u}
> git for-each-ref --format %(refname) %(objectname) --sort -committerdate
> git remote --verbose
> git config --get commit.template
> git ls-files --stage -- /home/nkaviratna/na/atg/simulation/s2/xviz_impl/conversion.cc
> git cat-file -s cbd181456afd0064874647b227daae5c4db7f0a5
> git show :atg/simulation/s2/xviz_impl/conversion.cc
> git ls-files --stage -- /home/nkaviratna/na/atg/simulation/s2/xviz_impl/conversion.cc
> git cat-file -s cbd181456afd0064874647b227daae5c4db7f0a5
> git show :atg/simulation/s2/xviz_impl/conversion.cc
> git status -z -u
> git symbolic-ref --short HEAD
> git rev-parse NealKaviratna/actor_viz
> git rev-parse --symbolic-full-name NealKaviratna/actor_viz@{u}
> git for-each-ref --format %(refname) %(objectname) --sort -committerdate
> git remote --verbose
> git config --get commit.template
> git status -z -u
> git symbolic-ref --short HEAD
> git rev-parse NealKaviratna/actor_viz
> git rev-parse --symbolic-full-name NealKaviratna/actor_viz@{u}
> git for-each-ref --format %(refname) %(objectname) --sort -committerdate
> git remote --verbose
> git config --get commit.template
> git check-ignore -v -z --stdin
> git status -z -u
> git ls-files --stage -- /home/nkaviratna/na/atg/simulation/s2/xviz_impl/conversion.cc
> git cat-file -s cbd181456afd0064874647b227daae5c4db7f0a5
> git show :atg/simulation/s2/xviz_impl/conversion.cc
> git symbolic-ref --short HEAD
> git rev-parse NealKaviratna/actor_viz
> git rev-parse --symbolic-full-name NealKaviratna/actor_viz@{u}
> git for-each-ref --format %(refname) %(objectname) --sort -committerdate
> git remote --verbose
> git config --get commit.template
> git ls-files --stage -- /home/nkaviratna/na/atg/simulation/s2/xviz_impl/conversion.cc
> git cat-file -s cbd181456afd0064874647b227daae5c4db7f0a5
> git show :atg/simulation/s2/xviz_impl/conversion.cc
> git status -z -u
> git symbolic-ref --short HEAD
> git rev-parse NealKaviratna/actor_viz
> git rev-parse --symbolic-full-name NealKaviratna/actor_viz@{u}
> git for-each-ref --format %(refname) %(objectname) --sort -committerdate
> git remote --verbose
> git config --get commit.template
> git show :atg/platform/xenon/s2_sim/s2_sim.cc
> git ls-files --stage -- /home/nkaviratna/na/atg/platform/xenon/s2_sim/s2_sim.cc
> git cat-file -s 321762e7edd6781cf58ed6d54e485d51dc16bce3
> git check-ignore -v -z --stdin
> git check-ignore -v -z --stdin
> git show :atg/platform/xenon/perception_prediction_planning_vehicle_logsim/perception_prediction_planning_vehicle_logsim.cc
> git ls-files --stage -- /home/nkaviratna/na/atg/platform/xenon/perception_prediction_planning_vehicle_logsim/perception_prediction_planning_vehicle_logsim.cc
> git cat-file -s 5b325067e0360ec83892862bce92bbdc0bc61f59
> git check-ignore -v -z --stdin
> git show :atg/platform/xenon/s2_sim/s2_sim.cc
> git ls-files --stage -- /home/nkaviratna/na/atg/platform/xenon/s2_sim/s2_sim.cc
> git cat-file -s 321762e7edd6781cf58ed6d54e485d51dc16bce3
> git show :atg/platform/xenon/perception_prediction_planning_vehicle_logsim/perception_prediction_planning_vehicle_logsim.cc
> git ls-files --stage -- /home/nkaviratna/na/atg/platform/xenon/perception_prediction_planning_vehicle_logsim/perception_prediction_planning_vehicle_logsim.cc
> git cat-file -s 5b325067e0360ec83892862bce92bbdc0bc61f59
> git show :atg/platform/xenon/s2_sim/s2_sim.cc
> git ls-files --stage -- /home/nkaviratna/na/atg/platform/xenon/s2_sim/s2_sim.cc
> git cat-file -s 321762e7edd6781cf58ed6d54e485d51dc16bce3
> git show :atg/simulation/s2/xviz_impl/conversion.cc
> git ls-files --stage -- /home/nkaviratna/na/atg/simulation/s2/xviz_impl/conversion.cc
> git cat-file -s cbd181456afd0064874647b227daae5c4db7f0a5
> git show :atg/platform/xenon/s2_sim/s2_sim.cc
> git ls-files --stage -- /home/nkaviratna/na/atg/platform/xenon/s2_sim/s2_sim.cc
> git cat-file -s 321762e7edd6781cf58ed6d54e485d51dc16bce3
> git status -z -u
> git ls-files --stage -- /home/nkaviratna/na/atg/platform/xenon/s2_sim/s2_sim.cc
> git cat-file -s 321762e7edd6781cf58ed6d54e485d51dc16bce3
> git show :atg/platform/xenon/s2_sim/s2_sim.cc
> git symbolic-ref --short HEAD
> git rev-parse NealKaviratna/actor_viz
> git rev-parse --symbolic-full-name NealKaviratna/actor_viz@{u}
> git for-each-ref --format %(refname) %(objectname) --sort -committerdate
> git remote --verbose
> git config --get commit.template
> git show :atg/simulation/usim/interfaces/sim_ground_truth.hh
> git ls-files --stage -- /home/nkaviratna/na/atg/simulation/usim/interfaces/sim_ground_truth.hh
> git cat-file -s 1114c5521ee343576fb869300cced78d6e90750c
> git check-ignore -v -z --stdin
> git status -z -u
> git symbolic-ref --short HEAD
> git rev-parse NealKaviratna/actor_viz
> git rev-parse --symbolic-full-name NealKaviratna/actor_viz@{u}
> git for-each-ref --format %(refname) %(objectname) --sort -committerdate
> git remote --verbose
> git config --get commit.template
> git show :atg/simulation/s2/xviz_impl/conversion.cc
> git ls-files --stage -- /home/nkaviratna/na/atg/simulation/s2/xviz_impl/conversion.cc
> git cat-file -s cbd181456afd0064874647b227daae5c4db7f0a5
> git show :atg/platform/xenon/s2_sim/s2_sim.cc
> git ls-files --stage -- /home/nkaviratna/na/atg/platform/xenon/s2_sim/s2_sim.cc
> git cat-file -s 321762e7edd6781cf58ed6d54e485d51dc16bce3
> git show :atg/simulation/s2/xviz_impl/conversion.cc
> git ls-files --stage -- /home/nkaviratna/na/atg/simulation/s2/xviz_impl/conversion.cc
> git cat-file -s cbd181456afd0064874647b227daae5c4db7f0a5
> git check-ignore -v -z --stdin
> git show :atg/simulation/s2/xviz_impl/test/conversion_test.cc
> git ls-files --stage -- /home/nkaviratna/na/atg/simulation/s2/xviz_impl/test/conversion_test.cc
> git cat-file -s 6c57d1037489dc36117daf2b213ff3b097984786
> git show :atg/autonomy_system_metrics_rna_interface/axl_impl/asm_state_conversion_subgraph_for_usim.cc
> git ls-files --stage -- /home/nkaviratna/na/atg/autonomy_system_metrics_rna_interface/axl_impl/asm_state_conversion_subgraph_for_usim.cc
> git cat-file -s 17bfc6373aed53eb428d41c5582c1f327aa3547b
> git check-ignore -v -z --stdin
> git check-ignore -v -z --stdin
> git show :atg/platform/xenon/s2_sim/s2_sim.cc
> git ls-files --stage -- /home/nkaviratna/na/atg/platform/xenon/s2_sim/s2_sim.cc
> git cat-file -s 321762e7edd6781cf58ed6d54e485d51dc16bce3
> git show :atg/simulation/s2/xviz_impl/conversion.cc
> git ls-files --stage -- /home/nkaviratna/na/atg/simulation/s2/xviz_impl/conversion.cc
> git cat-file -s cbd181456afd0064874647b227daae5c4db7f0a5
> git show :atg/simulation/usim/interfaces/sim_ground_truth.cc
> git ls-files --stage -- /home/nkaviratna/na/atg/simulation/usim/interfaces/sim_ground_truth.cc
> git cat-file -s e0cba01fb2172b8980cc48326b109b1cc6862a0f
> git show :atg/simulation/usim/interfaces/sim_ground_truth.hh
> git ls-files --stage -- /home/nkaviratna/na/atg/simulation/usim/interfaces/sim_ground_truth.hh
> git cat-file -s 1114c5521ee343576fb869300cced78d6e90750c
> git show :atg/perception_prediction/axl_impl/subgraph_base.cc
> git ls-files --stage -- /home/nkaviratna/na/atg/perception_prediction/axl_impl/subgraph_base.cc
> git cat-file -s 23c68adafb05428abf1bf1b35bf2bccf4e865684
> git check-ignore -v -z --stdin
> git show :atg/perception_prediction/xviz_impl/visualization_types.cc
> git ls-files --stage -- /home/nkaviratna/na/atg/perception_prediction/xviz_impl/visualization_types.cc
> git cat-file -s f4918fc457cd83bf0f3f68cc601edf283e08c99e
> git check-ignore -v -z --stdin
> git show :atg/simulation/s2/xviz_impl/conversion.cc
> git ls-files --stage -- /home/nkaviratna/na/atg/simulation/s2/xviz_impl/conversion.cc
> git cat-file -s cbd181456afd0064874647b227daae5c4db7f0a5
> git show :atg/perception_prediction/xviz_impl/visualization_types.cc
> git ls-files --stage -- /home/nkaviratna/na/atg/perception_prediction/xviz_impl/visualization_types.cc
> git cat-file -s f4918fc457cd83bf0f3f68cc601edf283e08c99e
> git show :atg/autonomy_system_metrics_rna_interface/metric_writers/axl_impl/excessive_caution_metric_writer.cc
> git ls-files --stage -- /home/nkaviratna/na/atg/autonomy_system_metrics_rna_interface/metric_writers/axl_impl/excessive_caution_metric_writer.cc
> git cat-file -s 94231fbf199f6ae64ad5b96759be345215ea9ab1
> git show :atg/perception_prediction/xviz_impl/visualization_types.cc
> git ls-files --stage -- /home/nkaviratna/na/atg/perception_prediction/xviz_impl/visualization_types.cc
> git cat-file -s f4918fc457cd83bf0f3f68cc601edf283e08c99e
> git show :atg/perception_prediction/axl_impl/subgraph_base.cc
> git ls-files --stage -- /home/nkaviratna/na/atg/perception_prediction/axl_impl/subgraph_base.cc
> git cat-file -s 23c68adafb05428abf1bf1b35bf2bccf4e865684
> git check-ignore -v -z --stdin
> git show :atg/platform/xenon/usim/usim.cc
> git ls-files --stage -- /home/nkaviratna/na/atg/platform/xenon/usim/usim.cc
> git cat-file -s d22777303d650286a5ddac1e4798ec83d48dd032
> git check-ignore -v -z --stdin
> git show :atg/perception_prediction/axl_impl/subgraph_usim.cc
> git ls-files --stage -- /home/nkaviratna/na/atg/perception_prediction/axl_impl/subgraph_usim.cc
> git cat-file -s 6d0e9afa9db8f456cdef6e945582a43ac18f100a
> git check-ignore -v -z --stdin
> git show :atg/xviz/axl_impl/video_output.yml
> git ls-files --stage -- /home/nkaviratna/na/atg/xviz/axl_impl/video_output.yml
> git cat-file -s f2a6f4df5cb56e8f6252c6f382b0c5e9eecc5afa
> git check-ignore -v -z --stdin
> git show :atg/studio/ui/constants/index.js
> git ls-files --stage -- /home/nkaviratna/na/atg/studio/ui/constants/index.js
> git cat-file -s 9176a9235a0517ec89ec9ac09bf74083c8b9e342
> git check-ignore -v -z --stdin
> git show :atg/simulation/axl_impl/vehicle_logsim_subgraph.cc
> git ls-files --stage -- /home/nkaviratna/na/atg/simulation/axl_impl/vehicle_logsim_subgraph.cc
> git cat-file -s 33cc62a557781d4fcc013238da100b272409da84
> git check-ignore -v -z --stdin
> git check-ignore -v -z --stdin
> git check-ignore -v -z --stdin
> git show :atg/xviz/axl_impl/video_output.yml
> git ls-files --stage -- /home/nkaviratna/na/atg/xviz/axl_impl/video_output.yml
> git cat-file -s f2a6f4df5cb56e8f6252c6f382b0c5e9eecc5afa
> git check-ignore -v -z --stdin
> git show :atg/simulation/axl_impl/vehicle_logsim_subgraph.cc
> git ls-files --stage -- /home/nkaviratna/na/atg/simulation/axl_impl/vehicle_logsim_subgraph.cc
> git cat-file -s 33cc62a557781d4fcc013238da100b272409da84
> git show :atg/xviz/axl_impl/video_output.yml
> git ls-files --stage -- /home/nkaviratna/na/atg/xviz/axl_impl/video_output.yml
> git cat-file -s f2a6f4df5cb56e8f6252c6f382b0c5e9eecc5afa
> git show :atg/simulation/axl_impl/vehicle_logsim_subgraph.cc
> git ls-files --stage -- /home/nkaviratna/na/atg/simulation/axl_impl/vehicle_logsim_subgraph.cc
> git cat-file -s 33cc62a557781d4fcc013238da100b272409da84
> git check-ignore -v -z --stdin
> git show :atg/simulation/s2/xviz_impl/conversion.cc
> git ls-files --stage -- /home/nkaviratna/na/atg/simulation/s2/xviz_impl/conversion.cc
> git cat-file -s cbd181456afd0064874647b227daae5c4db7f0a5
> git show :atg/simulation/s2/xviz_impl/conversion.hh
> git ls-files --stage -- /home/nkaviratna/na/atg/simulation/s2/xviz_impl/conversion.hh
> git cat-file -s 45a504469924dd767d0eefcc5aaa959d06c7b749
> git show :atg/simulation/s2/xviz_impl/conversion.cc
> git ls-files --stage -- /home/nkaviratna/na/atg/simulation/s2/xviz_impl/conversion.cc
> git cat-file -s cbd181456afd0064874647b227daae5c4db7f0a5
> git show :atg/simulation/s2/xviz_impl/BUILD
> git ls-files --stage -- /home/nkaviratna/na/atg/simulation/s2/xviz_impl/BUILD
> git cat-file -s 677521d4491dc713dae96300f80a1348d72d383a
> git show :atg/simulation/s2/xviz_impl/test/conversion_test.cc
> git ls-files --stage -- /home/nkaviratna/na/atg/simulation/s2/xviz_impl/test/conversion_test.cc
> git cat-file -s 6c57d1037489dc36117daf2b213ff3b097984786
> git show :atg/simulation/s2/xviz_impl/conversion.cc
> git ls-files --stage -- /home/nkaviratna/na/atg/simulation/s2/xviz_impl/conversion.cc
> git cat-file -s cbd181456afd0064874647b227daae5c4db7f0a5
> git show :atg/simulation/s2/xviz_impl/test/conversion_test.cc
> git ls-files --stage -- /home/nkaviratna/na/atg/simulation/s2/xviz_impl/test/conversion_test.cc
> git cat-file -s 6c57d1037489dc36117daf2b213ff3b097984786
> git status -z -u
> git ls-files --stage -- /home/nkaviratna/na/atg/simulation/s2/xviz_impl/test/conversion_test.cc
> git cat-file -s 6c57d1037489dc36117daf2b213ff3b097984786
> git show :atg/simulation/s2/xviz_impl/test/conversion_test.cc
> git symbolic-ref --short HEAD
> git rev-parse NealKaviratna/actor_viz
> git rev-parse --symbolic-full-name NealKaviratna/actor_viz@{u}
> git for-each-ref --format %(refname) %(objectname) --sort -committerdate
> git remote --verbose
> git config --get commit.template
> git status -z -u
> git symbolic-ref --short HEAD
> git rev-parse NealKaviratna/actor_viz
> git rev-parse --symbolic-full-name NealKaviratna/actor_viz@{u}
> git for-each-ref --format %(refname) %(objectname) --sort -committerdate
> git remote --verbose
> git config --get commit.template
> git show :atg/simulation/s2/xviz_impl/conversion.cc
> git ls-files --stage -- /home/nkaviratna/na/atg/simulation/s2/xviz_impl/conversion.cc
> git cat-file -s cbd181456afd0064874647b227daae5c4db7f0a5
> git status -z -u
> git ls-files --stage -- /home/nkaviratna/na/atg/simulation/s2/xviz_impl/conversion.cc
> git cat-file -s cbd181456afd0064874647b227daae5c4db7f0a5
> git show :atg/simulation/s2/xviz_impl/conversion.cc
> git symbolic-ref --short HEAD
> git rev-parse NealKaviratna/actor_viz
> git rev-parse --symbolic-full-name NealKaviratna/actor_viz@{u}
> git for-each-ref --format %(refname) %(objectname) --sort -committerdate
> git remote --verbose
> git config --get commit.template
> git status -z -u
> git symbolic-ref --short HEAD
> git rev-parse NealKaviratna/actor_viz
> git rev-parse --symbolic-full-name NealKaviratna/actor_viz@{u}
> git for-each-ref --format %(refname) %(objectname) --sort -committerdate
> git remote --verbose
> git config --get commit.template
> git status -z -u
> git ls-files --stage -- /home/nkaviratna/na/atg/simulation/s2/xviz_impl/conversion.cc
> git cat-file -s cbd181456afd0064874647b227daae5c4db7f0a5
> git show :atg/simulation/s2/xviz_impl/conversion.cc
> git symbolic-ref --short HEAD
> git rev-parse NealKaviratna/actor_viz
> git rev-parse --symbolic-full-name NealKaviratna/actor_viz@{u}
> git for-each-ref --format %(refname) %(objectname) --sort -committerdate
> git remote --verbose
> git config --get commit.template
> git status -z -u
> git symbolic-ref --short HEAD
> git rev-parse NealKaviratna/actor_viz
> git rev-parse --symbolic-full-name NealKaviratna/actor_viz@{u}
> git for-each-ref --format %(refname) %(objectname) --sort -committerdate
> git remote --verbose
> git config --get commit.template
> git show :atg/simulation/usim/interfaces/sim_ground_truth.hh
> git ls-files --stage -- /home/nkaviratna/na/atg/simulation/usim/interfaces/sim_ground_truth.hh
> git cat-file -s 1114c5521ee343576fb869300cced78d6e90750c
> git show :atg/simulation/s2/xviz_impl/conversion.cc
> git ls-files --stage -- /home/nkaviratna/na/atg/simulation/s2/xviz_impl/conversion.cc
> git cat-file -s cbd181456afd0064874647b227daae5c4db7f0a5
> git status -z -u
> git ls-files --stage -- /home/nkaviratna/na/atg/simulation/s2/xviz_impl/conversion.cc
> git cat-file -s cbd181456afd0064874647b227daae5c4db7f0a5
> git show :atg/simulation/s2/xviz_impl/conversion.cc
> git symbolic-ref --short HEAD
> git rev-parse NealKaviratna/actor_viz
> git rev-parse --symbolic-full-name NealKaviratna/actor_viz@{u}
> git for-each-ref --format %(refname) %(objectname) --sort -committerdate
> git remote --verbose
> git config --get commit.template
> git status -z -u
> git symbolic-ref --short HEAD
> git rev-parse NealKaviratna/actor_viz
> git rev-parse --symbolic-full-name NealKaviratna/actor_viz@{u}
> git for-each-ref --format %(refname) %(objectname) --sort -committerdate
> git remote --verbose
> git config --get commit.template
> git status -z -u
> git ls-files --stage -- /home/nkaviratna/na/atg/simulation/s2/xviz_impl/conversion.cc
> git cat-file -s cbd181456afd0064874647b227daae5c4db7f0a5
> git show :atg/simulation/s2/xviz_impl/conversion.cc
> git symbolic-ref --short HEAD
> git rev-parse NealKaviratna/actor_viz
> git rev-parse --symbolic-full-name NealKaviratna/actor_viz@{u}
> git for-each-ref --format %(refname) %(objectname) --sort -committerdate
> git remote --verbose
> git config --get commit.template
> git status -z -u
> git symbolic-ref --short HEAD
> git rev-parse NealKaviratna/actor_viz
> git rev-parse --symbolic-full-name NealKaviratna/actor_viz@{u}
> git for-each-ref --format %(refname) %(objectname) --sort -committerdate
> git remote --verbose
> git config --get commit.template
> git show :atg/perception_prediction/interfaces/objects_with_trajectories.hh
> git ls-files --stage -- /home/nkaviratna/na/atg/perception_prediction/interfaces/objects_with_trajectories.hh
> git cat-file -s 19ad96f0ef2d26dd245a88f5d9e7f306b52cb8d5
> git check-ignore -v -z --stdin
> git show :atg/simulation/s2/xviz_impl/conversion.cc
> git ls-files --stage -- /home/nkaviratna/na/atg/simulation/s2/xviz_impl/conversion.cc
> git cat-file -s cbd181456afd0064874647b227daae5c4db7f0a5
> git show :atg/perception_prediction/interfaces/objects_with_trajectories.hh
> git ls-files --stage -- /home/nkaviratna/na/atg/perception_prediction/interfaces/objects_with_trajectories.hh
> git cat-file -s 19ad96f0ef2d26dd245a88f5d9e7f306b52cb8d5
> git show :atg/simulation/s2/xviz_impl/conversion.cc
> git ls-files --stage -- /home/nkaviratna/na/atg/simulation/s2/xviz_impl/conversion.cc
> git cat-file -s cbd181456afd0064874647b227daae5c4db7f0a5
> git show :atg/perception_prediction/interfaces/objects_with_trajectories.hh
> git ls-files --stage -- /home/nkaviratna/na/atg/perception_prediction/interfaces/objects_with_trajectories.hh
> git cat-file -s 19ad96f0ef2d26dd245a88f5d9e7f306b52cb8d5
> git show :atg/autonomy/object_state.hh
> git ls-files --stage -- /home/nkaviratna/na/atg/autonomy/object_state.hh
> git cat-file -s 5a511a783f71146658dbf0f573ba8845351a3b7a
> git check-ignore -v -z --stdin
> git show :atg/simulation/s2/xviz_impl/conversion.cc
> git ls-files --stage -- /home/nkaviratna/na/atg/simulation/s2/xviz_impl/conversion.cc
> git cat-file -s cbd181456afd0064874647b227daae5c4db7f0a5
> git show :atg/autonomy/object_state.hh
> git ls-files --stage -- /home/nkaviratna/na/atg/autonomy/object_state.hh
> git cat-file -s 5a511a783f71146658dbf0f573ba8845351a3b7a
> git show :atg/autonomy/object_shape.hh
> git ls-files --stage -- /home/nkaviratna/na/atg/autonomy/object_shape.hh
> git cat-file -s 94cae43cb196a76e032e2048c31caac0facb2316
> git show :atg/simulation/usim/interfaces/sim_ground_truth.hh
> git ls-files --stage -- /home/nkaviratna/na/atg/simulation/usim/interfaces/sim_ground_truth.hh
> git cat-file -s 1114c5521ee343576fb869300cced78d6e90750c
> git show :atg/autonomy/object_shape.hh
> git ls-files --stage -- /home/nkaviratna/na/atg/autonomy/object_shape.hh
> git cat-file -s 94cae43cb196a76e032e2048c31caac0facb2316
> git check-ignore -v -z --stdin
> git show :atg/geometry/polygon.hh
> git ls-files --stage -- /home/nkaviratna/na/atg/geometry/polygon.hh
> git cat-file -s d0c3074c33d37087610cd6434bfb1ad3447b70e6
> git check-ignore -v -z --stdin
> git show :atg/autonomy/object_shape.hh
> git ls-files --stage -- /home/nkaviratna/na/atg/autonomy/object_shape.hh
> git cat-file -s 94cae43cb196a76e032e2048c31caac0facb2316
> git show :atg/perception_prediction/interfaces/objects_with_trajectories.hh
> git ls-files --stage -- /home/nkaviratna/na/atg/perception_prediction/interfaces/objects_with_trajectories.hh
> git cat-file -s 19ad96f0ef2d26dd245a88f5d9e7f306b52cb8d5
> git show :atg/simulation/s2/xviz_impl/conversion.cc
> git ls-files --stage -- /home/nkaviratna/na/atg/simulation/s2/xviz_impl/conversion.cc
> git cat-file -s cbd181456afd0064874647b227daae5c4db7f0a5
> git status -z -u
> git ls-files --stage -- /home/nkaviratna/na/atg/simulation/s2/xviz_impl/conversion.cc
> git cat-file -s cbd181456afd0064874647b227daae5c4db7f0a5
> git show :atg/simulation/s2/xviz_impl/conversion.cc
> git symbolic-ref --short HEAD
> git rev-parse NealKaviratna/actor_viz
> git rev-parse --symbolic-full-name NealKaviratna/actor_viz@{u}
> git for-each-ref --format %(refname) %(objectname) --sort -committerdate
> git remote --verbose
> git config --get commit.template
> git status -z -u
> git ls-files --stage -- /home/nkaviratna/na/atg/simulation/s2/xviz_impl/conversion.cc
> git cat-file -s cbd181456afd0064874647b227daae5c4db7f0a5
> git show :atg/simulation/s2/xviz_impl/conversion.cc
> git symbolic-ref --short HEAD
> git rev-parse NealKaviratna/actor_viz
> git rev-parse --symbolic-full-name NealKaviratna/actor_viz@{u}
> git for-each-ref --format %(refname) %(objectname) --sort -committerdate
> git remote --verbose
> git config --get commit.template
> git ls-files --stage -- /home/nkaviratna/na/atg/simulation/s2/xviz_impl/conversion.cc
> git cat-file -s cbd181456afd0064874647b227daae5c4db7f0a5
> git show :atg/simulation/s2/xviz_impl/conversion.cc
> git status -z -u
> git symbolic-ref --short HEAD
> git rev-parse NealKaviratna/actor_viz
> git rev-parse --symbolic-full-name NealKaviratna/actor_viz@{u}
> git for-each-ref --format %(refname) %(objectname) --sort -committerdate
> git remote --verbose
> git config --get commit.template
> git status -z -u
> git ls-files --stage -- /home/nkaviratna/na/atg/simulation/s2/xviz_impl/conversion.cc
> git cat-file -s cbd181456afd0064874647b227daae5c4db7f0a5
> git show :atg/simulation/s2/xviz_impl/conversion.cc
> git symbolic-ref --short HEAD
> git rev-parse NealKaviratna/actor_viz
> git rev-parse --symbolic-full-name NealKaviratna/actor_viz@{u}
> git for-each-ref --format %(refname) %(objectname) --sort -committerdate
> git remote --verbose
> git config --get commit.template
> git status -z -u
> git symbolic-ref --short HEAD
> git rev-parse NealKaviratna/actor_viz
> git rev-parse --symbolic-full-name NealKaviratna/actor_viz@{u}
> git for-each-ref --format %(refname) %(objectname) --sort -committerdate
> git remote --verbose
> git config --get commit.template
> git status -z -u
> git ls-files --stage -- /home/nkaviratna/na/atg/simulation/s2/xviz_impl/conversion.cc
> git symbolic-ref --short HEAD
> git cat-file -s cbd181456afd0064874647b227daae5c4db7f0a5
> git rev-parse NealKaviratna/actor_viz
> git rev-parse --symbolic-full-name NealKaviratna/actor_viz@{u}
> git for-each-ref --format %(refname) %(objectname) --sort -committerdate
> git remote --verbose
> git show :atg/simulation/s2/xviz_impl/conversion.cc
> git config --get commit.template
> git status -z -u
> git symbolic-ref --short HEAD
> git rev-parse NealKaviratna/actor_viz
> git rev-parse --symbolic-full-name NealKaviratna/actor_viz@{u}
> git for-each-ref --format %(refname) %(objectname) --sort -committerdate
> git remote --verbose
> git config --get commit.template
> git status -z -u
> git ls-files --stage -- /home/nkaviratna/na/atg/simulation/s2/xviz_impl/conversion.cc
> git cat-file -s cbd181456afd0064874647b227daae5c4db7f0a5
> git show :atg/simulation/s2/xviz_impl/conversion.cc
> git symbolic-ref --short HEAD
> git rev-parse NealKaviratna/actor_viz
> git rev-parse --symbolic-full-name NealKaviratna/actor_viz@{u}
> git for-each-ref --format %(refname) %(objectname) --sort -committerdate
> git remote --verbose
> git config --get commit.template
> git status -z -u
> git symbolic-ref --short HEAD
> git rev-parse NealKaviratna/actor_viz
> git rev-parse --symbolic-full-name NealKaviratna/actor_viz@{u}
> git for-each-ref --format %(refname) %(objectname) --sort -committerdate
> git remote --verbose
> git config --get commit.template
> git show :atg/perception_prediction/interfaces/objects_with_trajectories.hh
> git ls-files --stage -- /home/nkaviratna/na/atg/perception_prediction/interfaces/objects_with_trajectories.hh
> git cat-file -s 19ad96f0ef2d26dd245a88f5d9e7f306b52cb8d5
> git show :atg/autonomy/object_state.hh
> git ls-files --stage -- /home/nkaviratna/na/atg/autonomy/object_state.hh
> git cat-file -s 5a511a783f71146658dbf0f573ba8845351a3b7a
> git show :atg/geometry/velocity.hh
> git ls-files --stage -- /home/nkaviratna/na/atg/geometry/velocity.hh
> git cat-file -s 2650dd6311597b27e2d1eca499fda65c49a7ab5d
> git check-ignore -v -z --stdin
> git show :atg/perception_prediction/interfaces/objects_with_trajectories.hh
> git ls-files --stage -- /home/nkaviratna/na/atg/perception_prediction/interfaces/objects_with_trajectories.hh
> git cat-file -s 19ad96f0ef2d26dd245a88f5d9e7f306b52cb8d5
> git show :atg/geometry/estimates.hh
> git ls-files --stage -- /home/nkaviratna/na/atg/geometry/estimates.hh
> git cat-file -s 94ba318a9b925c255e363f587f7074682804efeb
> git check-ignore -v -z --stdin
> git show :atg/simulation/s2/xviz_impl/conversion.cc
> git ls-files --stage -- /home/nkaviratna/na/atg/simulation/s2/xviz_impl/conversion.cc
> git cat-file -s cbd181456afd0064874647b227daae5c4db7f0a5
> git status -z -u
> git ls-files --stage -- /home/nkaviratna/na/atg/simulation/s2/xviz_impl/conversion.cc
> git cat-file -s cbd181456afd0064874647b227daae5c4db7f0a5
> git symbolic-ref --short HEAD
> git rev-parse NealKaviratna/actor_viz
> git rev-parse --symbolic-full-name NealKaviratna/actor_viz@{u}
> git for-each-ref --format %(refname) %(objectname) --sort -committerdate
> git remote --verbose
> git show :atg/simulation/s2/xviz_impl/conversion.cc
> git config --get commit.template
> git status -z -u
> git ls-files --stage -- /home/nkaviratna/na/atg/simulation/s2/xviz_impl/conversion.cc
> git cat-file -s cbd181456afd0064874647b227daae5c4db7f0a5
> git show :atg/simulation/s2/xviz_impl/conversion.cc
> git symbolic-ref --short HEAD
> git rev-parse NealKaviratna/actor_viz
> git rev-parse --symbolic-full-name NealKaviratna/actor_viz@{u}
> git for-each-ref --format %(refname) %(objectname) --sort -committerdate
> git remote --verbose
> git config --get commit.template
> git status -z -u
> git ls-files --stage -- /home/nkaviratna/na/atg/simulation/s2/xviz_impl/conversion.cc
> git cat-file -s cbd181456afd0064874647b227daae5c4db7f0a5
> git show :atg/simulation/s2/xviz_impl/conversion.cc
> git symbolic-ref --short HEAD
> git rev-parse NealKaviratna/actor_viz
> git rev-parse --symbolic-full-name NealKaviratna/actor_viz@{u}
> git for-each-ref --format %(refname) %(objectname) --sort -committerdate
> git remote --verbose
> git ls-files --stage -- /home/nkaviratna/na/atg/simulation/s2/xviz_impl/conversion.cc
> git config --get commit.template
> git cat-file -s cbd181456afd0064874647b227daae5c4db7f0a5
> git show :atg/simulation/s2/xviz_impl/conversion.cc
> git status -z -u
> git symbolic-ref --short HEAD
> git rev-parse NealKaviratna/actor_viz
> git rev-parse --symbolic-full-name NealKaviratna/actor_viz@{u}
> git for-each-ref --format %(refname) %(objectname) --sort -committerdate
> git remote --verbose
> git config --get commit.template
> git status -z -u
> git ls-files --stage -- /home/nkaviratna/na/atg/simulation/s2/xviz_impl/conversion.cc
> git cat-file -s cbd181456afd0064874647b227daae5c4db7f0a5
> git show :atg/simulation/s2/xviz_impl/conversion.cc
> git symbolic-ref --short HEAD
> git rev-parse NealKaviratna/actor_viz
> git rev-parse --symbolic-full-name NealKaviratna/actor_viz@{u}
> git for-each-ref --format %(refname) %(objectname) --sort -committerdate
> git remote --verbose
> git config --get commit.template
> git ls-files --stage -- /home/nkaviratna/na/atg/simulation/s2/xviz_impl/conversion.cc
> git cat-file -s cbd181456afd0064874647b227daae5c4db7f0a5
> git show :atg/simulation/s2/xviz_impl/conversion.cc
> git status -z -u
> git symbolic-ref --short HEAD
> git rev-parse NealKaviratna/actor_viz
> git rev-parse --symbolic-full-name NealKaviratna/actor_viz@{u}
> git for-each-ref --format %(refname) %(objectname) --sort -committerdate
> git remote --verbose
> git config --get commit.template
> git show :atg/simulation/usim/interfaces/sim_ground_truth.cc
> git ls-files --stage -- /home/nkaviratna/na/atg/simulation/usim/interfaces/sim_ground_truth.cc
> git cat-file -s e0cba01fb2172b8980cc48326b109b1cc6862a0f
> git show :atg/simulation/s2/xviz_impl/conversion.cc
> git ls-files --stage -- /home/nkaviratna/na/atg/simulation/s2/xviz_impl/conversion.cc
> git cat-file -s cbd181456afd0064874647b227daae5c4db7f0a5
> git status -z -u
> git ls-files --stage -- /home/nkaviratna/na/atg/simulation/s2/xviz_impl/conversion.cc
> git cat-file -s cbd181456afd0064874647b227daae5c4db7f0a5
> git show :atg/simulation/s2/xviz_impl/conversion.cc
> git symbolic-ref --short HEAD
> git rev-parse NealKaviratna/actor_viz
> git rev-parse --symbolic-full-name NealKaviratna/actor_viz@{u}
> git for-each-ref --format %(refname) %(objectname) --sort -committerdate
> git remote --verbose
> git config --get commit.template
> git status -z -u
> git symbolic-ref --short HEAD
> git rev-parse NealKaviratna/actor_viz
> git rev-parse --symbolic-full-name NealKaviratna/actor_viz@{u}
> git for-each-ref --format %(refname) %(objectname) --sort -committerdate
> git remote --verbose
> git config --get commit.template
> git status -z -u
> git ls-files --stage -- /home/nkaviratna/na/atg/simulation/s2/xviz_impl/conversion.cc
> git cat-file -s bd308550b654c92d649cea878808f8e85b55c05c
> git show :atg/simulation/s2/xviz_impl/conversion.cc
> git symbolic-ref --short HEAD
> git rev-parse NealKaviratna/actor_viz
> git rev-parse --symbolic-full-name NealKaviratna/actor_viz@{u}
> git for-each-ref --format %(refname) %(objectname) --sort -committerdate
> git remote --verbose
> git config --get commit.template
> git ls-files --stage -- /home/nkaviratna/na/atg/simulation/s2/xviz_impl/conversion.cc
> git cat-file -s bd308550b654c92d649cea878808f8e85b55c05c
> git show :atg/simulation/s2/xviz_impl/conversion.cc
> git ls-files --stage -- /home/nkaviratna/na/atg/simulation/s2/xviz_impl/conversion.cc
> git cat-file -s bd308550b654c92d649cea878808f8e85b55c05c
> git show :atg/simulation/s2/xviz_impl/conversion.cc
> git status -z -u
> git ls-files --stage -- /home/nkaviratna/na/atg/simulation/s2/xviz_impl/conversion.cc
> git cat-file -s 8d2b97d1bac9ac437633969d62262de72ca163f6
> git show :atg/simulation/s2/xviz_impl/conversion.cc
> git symbolic-ref --short HEAD
> git rev-parse NealKaviratna/actor_viz
> git rev-parse --symbolic-full-name NealKaviratna/actor_viz@{u}
> git for-each-ref --format %(refname) %(objectname) --sort -committerdate
> git remote --verbose
> git config --get commit.template
> git show :atg/platform/xenon/s2_sim/s2_sim.cc
> git ls-files --stage -- /home/nkaviratna/na/atg/platform/xenon/s2_sim/s2_sim.cc
> git cat-file -s 25422aa97790ee745a86f8ff27378c2fc4ce778f
> git status -z -u
> git symbolic-ref --short HEAD
> git rev-parse NealKaviratna/actor_viz
> git rev-parse --symbolic-full-name NealKaviratna/actor_viz@{u}
> git for-each-ref --format %(refname) %(objectname) --sort -committerdate
> git remote --verbose
> git config --get commit.template
> git show :atg/simulation/s2/xviz_impl/conversion.hh
> git ls-files --stage -- /home/nkaviratna/na/atg/simulation/s2/xviz_impl/conversion.hh
> git cat-file -s 5e65ce0416db4aa8c3994b1d340571aa0ec31868
> git show :atg/platform/xenon/s2_sim/s2_sim.cc
> git ls-files --stage -- /home/nkaviratna/na/atg/platform/xenon/s2_sim/s2_sim.cc
> git cat-file -s 25422aa97790ee745a86f8ff27378c2fc4ce778f
> git show :atg/simulation/s2/xviz_impl/conversion.cc
> git ls-files --stage -- /home/nkaviratna/na/atg/simulation/s2/xviz_impl/conversion.cc
> git cat-file -s 8d2b97d1bac9ac437633969d62262de72ca163f6
> git status -z -u
> git ls-files --stage -- /home/nkaviratna/na/atg/simulation/s2/xviz_impl/conversion.cc
> git cat-file -s 8d2b97d1bac9ac437633969d62262de72ca163f6
> git show :atg/simulation/s2/xviz_impl/conversion.cc
> git symbolic-ref --short HEAD
> git rev-parse NealKaviratna/actor_viz
> git rev-parse --symbolic-full-name NealKaviratna/actor_viz@{u}
> git for-each-ref --format %(refname) %(objectname) --sort -committerdate
> git remote --verbose
> git config --get commit.template
> git ls-files --stage -- /home/nkaviratna/na/atg/simulation/s2/xviz_impl/conversion.cc
> git cat-file -s 8d2b97d1bac9ac437633969d62262de72ca163f6
> git show :atg/simulation/s2/xviz_impl/conversion.cc
> git show :atg/platform/xenon/s2_sim/s2_sim.cc
> git ls-files --stage -- /home/nkaviratna/na/atg/platform/xenon/s2_sim/s2_sim.cc
> git cat-file -s 25422aa97790ee745a86f8ff27378c2fc4ce778f
> git status -z -u
> git symbolic-ref --short HEAD
> git rev-parse NealKaviratna/actor_viz
> git rev-parse --symbolic-full-name NealKaviratna/actor_viz@{u}
> git for-each-ref --format %(refname) %(objectname) --sort -committerdate
> git remote --verbose
> git config --get commit.template
> git status -z -u
> git ls-files --stage -- /home/nkaviratna/na/atg/platform/xenon/s2_sim/s2_sim.cc
> git cat-file -s 25422aa97790ee745a86f8ff27378c2fc4ce778f
> git show :atg/platform/xenon/s2_sim/s2_sim.cc
> git symbolic-ref --short HEAD
> git rev-parse NealKaviratna/actor_viz
> git rev-parse --symbolic-full-name NealKaviratna/actor_viz@{u}
> git for-each-ref --format %(refname) %(objectname) --sort -committerdate
> git remote --verbose
> git config --get commit.template
> git status -z -u
> git symbolic-ref --short HEAD
> git rev-parse NealKaviratna/actor_viz
> git rev-parse --symbolic-full-name NealKaviratna/actor_viz@{u}
> git for-each-ref --format %(refname) %(objectname) --sort -committerdate
> git remote --verbose
> git config --get commit.template
> git status -z -u
> git ls-files --stage -- /home/nkaviratna/na/atg/platform/xenon/s2_sim/s2_sim.cc
> git cat-file -s 58c538999d781760497175f13baabf086cf13df5
> git show :atg/platform/xenon/s2_sim/s2_sim.cc
> git symbolic-ref --short HEAD
> git rev-parse NealKaviratna/actor_viz
> git rev-parse --symbolic-full-name NealKaviratna/actor_viz@{u}
> git for-each-ref --format %(refname) %(objectname) --sort -committerdate
> git remote --verbose
> git config --get commit.template
> git show :atg/platform/xenon/s2_sim/BUILD
> git ls-files --stage -- /home/nkaviratna/na/atg/platform/xenon/s2_sim/BUILD
> git cat-file -s bb513659c6861377d01767e006d09bd6fbf47ead
> git status -z -u
> git symbolic-ref --short HEAD
> git rev-parse NealKaviratna/actor_viz
> git rev-parse --symbolic-full-name NealKaviratna/actor_viz@{u}
> git for-each-ref --format %(refname) %(objectname) --sort -committerdate
> git remote --verbose
> git config --get commit.template
> git status -z -u
> git ls-files --stage -- /home/nkaviratna/na/atg/platform/xenon/s2_sim/BUILD
> git cat-file -s bb513659c6861377d01767e006d09bd6fbf47ead
> git show :atg/platform/xenon/s2_sim/BUILD
> git symbolic-ref --short HEAD
> git rev-parse NealKaviratna/actor_viz
> git rev-parse --symbolic-full-name NealKaviratna/actor_viz@{u}
> git for-each-ref --format %(refname) %(objectname) --sort -committerdate
> git remote --verbose
> git config --get commit.template
> git status -z -u
> git symbolic-ref --short HEAD
> git rev-parse NealKaviratna/actor_viz
> git rev-parse --symbolic-full-name NealKaviratna/actor_viz@{u}
> git for-each-ref --format %(refname) %(objectname) --sort -committerdate
> git remote --verbose
> git show :atg/perception_prediction/interfaces/objects_with_trajectories.hh
> git ls-files --stage -- /home/nkaviratna/na/atg/perception_prediction/interfaces/objects_with_trajectories.hh
> git cat-file -s 19ad96f0ef2d26dd245a88f5d9e7f306b52cb8d5
> git config --get commit.template
> git show :atg/simulation/usim/interfaces/sim_ground_truth.hh
> git ls-files --stage -- /home/nkaviratna/na/atg/simulation/usim/interfaces/sim_ground_truth.hh
> git cat-file -s 1114c5521ee343576fb869300cced78d6e90750c
> git show :atg/simulation/sensor/utils/csv_to_slice.cc
> git ls-files --stage -- /home/nkaviratna/na/atg/simulation/sensor/utils/csv_to_slice.cc
> git cat-file -s c59be8ec8c7f33d9bb3a7557dd9806b2a5bf4264
> git check-ignore -v -z --stdin
> git check-ignore -v -z --stdin
> git show :atg/simulation/sensor/utils/csv_to_slice_graph.cc
> git ls-files --stage -- /home/nkaviratna/na/atg/simulation/sensor/utils/csv_to_slice_graph.cc
> git cat-file -s 54ee831c69a86bc24b7570792d6af48b4077b5c4
> git show :atg/lidar/hdl64e/axl_impl/ports/logging.hh
> git ls-files --stage -- /home/nkaviratna/na/atg/lidar/hdl64e/axl_impl/ports/logging.hh
> git cat-file -s 7c05072556bc678a03844602921de555b8fe41c2
> git check-ignore -v -z --stdin
> git show :atg/simulation/sensor/utils/csv_to_slice_graph.cc
> git ls-files --stage -- /home/nkaviratna/na/atg/simulation/sensor/utils/csv_to_slice_graph.cc
> git cat-file -s 54ee831c69a86bc24b7570792d6af48b4077b5c4
> git show :atg/simulation/axl_impl/ports/logging.hh
> git ls-files --stage -- /home/nkaviratna/na/atg/simulation/axl_impl/ports/logging.hh
> git cat-file -s 0ebc4186fcda7e77e3510042640c87cd78f07ba4
> git check-ignore -v -z --stdin
> git show :atg/simulation/sensor/utils/csv_to_slice_graph.cc
> git ls-files --stage -- /home/nkaviratna/na/atg/simulation/sensor/utils/csv_to_slice_graph.cc
> git cat-file -s 54ee831c69a86bc24b7570792d6af48b4077b5c4
> git show :atg/platform/xenon/perception_prediction_planning_vehicle_logsim/perception_prediction_planning_vehicle_logsim.cc
> git ls-files --stage -- /home/nkaviratna/na/atg/platform/xenon/perception_prediction_planning_vehicle_logsim/perception_prediction_planning_vehicle_logsim.cc
> git cat-file -s 5b325067e0360ec83892862bce92bbdc0bc61f59
> git show :atg/platform/xenon/perception_prediction_planning_vehicle_logsim/log_reader_factory.hh
> git ls-files --stage -- /home/nkaviratna/na/atg/platform/xenon/perception_prediction_planning_vehicle_logsim/log_reader_factory.hh
> git cat-file -s c7790a7c66da4b6a004338a9ad38a5bb94b4d3eb
> git show :atg/platform/xenon/usim/log_writer_factory.hh
> git ls-files --stage -- /home/nkaviratna/na/atg/platform/xenon/usim/log_writer_factory.hh
> git cat-file -s a8e156501d513166a552d528cffaa539a557479c
> git show :atg/simulation/axl_impl/ports/logging.hh
> git ls-files --stage -- /home/nkaviratna/na/atg/simulation/axl_impl/ports/logging.hh
> git cat-file -s 0ebc4186fcda7e77e3510042640c87cd78f07ba4
> git check-ignore -v -z --stdin
> git show :atg/xviz/axl_impl/video_output.yml
> git ls-files --stage -- /home/nkaviratna/na/atg/xviz/axl_impl/video_output.yml
> git cat-file -s f2a6f4df5cb56e8f6252c6f382b0c5e9eecc5afa
> git show :atg/vehicle/axl_impl/playback_visualizer.cc
> git ls-files --stage -- /home/nkaviratna/na/atg/vehicle/axl_impl/playback_visualizer.cc
> git cat-file -s 418d0245096df7dbdd870c00de8a5632ae2879d9
> git check-ignore -v -z --stdin
> git check-ignore -v -z --stdin
> git show :atg/xviz/axl_impl/video_output.yml
> git ls-files --stage -- /home/nkaviratna/na/atg/xviz/axl_impl/video_output.yml
> git cat-file -s f2a6f4df5cb56e8f6252c6f382b0c5e9eecc5afa
> git show :atg/simulation/axl_impl/vehicle_logsim_subgraph.cc
> git ls-files --stage -- /home/nkaviratna/na/atg/simulation/axl_impl/vehicle_logsim_subgraph.cc
> git cat-file -s 33cc62a557781d4fcc013238da100b272409da84
> git show :atg/lidar/hdl64e/axl_impl/ports/logging.hh
> git ls-files --stage -- /home/nkaviratna/na/atg/lidar/hdl64e/axl_impl/ports/logging.hh
> git cat-file -s 7c05072556bc678a03844602921de555b8fe41c2
> git show :atg/simulation/axl_impl/vehicle_logsim_subgraph.cc
> git ls-files --stage -- /home/nkaviratna/na/atg/simulation/axl_impl/vehicle_logsim_subgraph.cc
> git cat-file -s 33cc62a557781d4fcc013238da100b272409da84
> git show :atg/xviz/axl_impl/video_output.yml
> git ls-files --stage -- /home/nkaviratna/na/atg/xviz/axl_impl/video_output.yml
> git cat-file -s f2a6f4df5cb56e8f6252c6f382b0c5e9eecc5afa
> git show :atg/vehicle/axl_impl/playback_visualizer.cc
> git ls-files --stage -- /home/nkaviratna/na/atg/vehicle/axl_impl/playback_visualizer.cc
> git cat-file -s 418d0245096df7dbdd870c00de8a5632ae2879d9
> git show :atg/simulation/axl_impl/vehicle_logsim_subgraph.cc
> git ls-files --stage -- /home/nkaviratna/na/atg/simulation/axl_impl/vehicle_logsim_subgraph.cc
> git cat-file -s 33cc62a557781d4fcc013238da100b272409da84
> git show :atg/vehicle/axl_impl/playback_visualizer.cc
> git ls-files --stage -- /home/nkaviratna/na/atg/vehicle/axl_impl/playback_visualizer.cc
> git cat-file -s 418d0245096df7dbdd870c00de8a5632ae2879d9
> git show :atg/studio/ui/extensions/xviz-visualizer/lib/xviz-viewer/constants/index.js
> git ls-files --stage -- /home/nkaviratna/na/atg/studio/ui/extensions/xviz-visualizer/lib/xviz-viewer/constants/index.js
> git cat-file -s 83a58b8d9c64b1fe6a89600634f1d2853dc849c7
> git check-ignore -v -z --stdin
> git show :atg/studio/ui/workspaces/lib/base-playback-workspace.js
> git ls-files --stage -- /home/nkaviratna/na/atg/studio/ui/workspaces/lib/base-playback-workspace.js
> git cat-file -s 9fdcca23f2ac2761f702593bdb35eb6046085fc2
> git check-ignore -v -z --stdin
> git show :atg/vehicle/axl_impl/playback_visualizer.cc
> git ls-files --stage -- /home/nkaviratna/na/atg/vehicle/axl_impl/playback_visualizer.cc
> git cat-file -s 418d0245096df7dbdd870c00de8a5632ae2879d9
> git show :atg/xviz/axl_impl/video_output.yml
> git ls-files --stage -- /home/nkaviratna/na/atg/xviz/axl_impl/video_output.yml
> git cat-file -s f2a6f4df5cb56e8f6252c6f382b0c5e9eecc5afa
> git show :atg/studio/ui/workspaces/lib/base-playback-workspace.js
> git ls-files --stage -- /home/nkaviratna/na/atg/studio/ui/workspaces/lib/base-playback-workspace.js
> git cat-file -s 9fdcca23f2ac2761f702593bdb35eb6046085fc2
> git show :atg/vehicle/axl_impl/playback_visualizer.cc
> git ls-files --stage -- /home/nkaviratna/na/atg/vehicle/axl_impl/playback_visualizer.cc
> git cat-file -s 418d0245096df7dbdd870c00de8a5632ae2879d9
> git show :atg/platform/krypton/perception_prediction_planning_vehicle_logsim/perception_prediction_planning_vehicle_logsim.cc
> git ls-files --stage -- /home/nkaviratna/na/atg/platform/krypton/perception_prediction_planning_vehicle_logsim/perception_prediction_planning_vehicle_logsim.cc
> git cat-file -s e371eb31dd89e6ac40ed20c57538b8a5748892ee
> git check-ignore -v -z --stdin
> git check-ignore -v -z --stdin
> git show :atg/vehicle/axl_impl/playback_visualizer.cc
> git ls-files --stage -- /home/nkaviratna/na/atg/vehicle/axl_impl/playback_visualizer.cc
> git cat-file -s 418d0245096df7dbdd870c00de8a5632ae2879d9
> git show :atg/vehicle/axl_impl/playback_visualizer.hh
> git ls-files --stage -- /home/nkaviratna/na/atg/vehicle/axl_impl/playback_visualizer.hh
> git cat-file -s 08fffc10d3fe16d254965ff0b703e6ec24647097
